Runtime preflight: system_free_memory=60%
Runtime preflight: gpu_device_util=99% renderer=99% tiler=99%
Runtime preflight: detected 4 other MLX/Nemotron train process(es).
  pid=56469 rss_gb=66.270 pcpu=15.6 etime=39:02 cmd=/Users/mac-studio/work/NVIDIA Nemotron Model Reasoning Challenge/.venv/bin/python3 baseline_mlx/reproduce_nemotron_sft_lora_with_cot_v2_mlx.py train --model-root baseline_mlx/outputs/nemotron_sft_lora_with_cot_v2_mlx_notebook_original_fullrun_v2/shadow_model --run-name nemotron_sft_lora_with_cot_v2_mlx_stagefreeze_v1_stage1_broad_v3f_union --profile notebook-current --lora-key-group stage-union --trainable-lora-suffix-group broad --fail-on-runtime-contention
  pid=64321 rss_gb=0.003 pcpu=0.0 etime=12:36 cmd=bash -lc \012set -euo pipefail\012repo_root="$PWD"\012stage1_run="baseline_mlx/outputs/nemotron_sft_lora_with_cot_v2_mlx_stagefreeze_v1_stage1_broad_v3f_union"\012main_suite_root="$repo_root/baseline_mlx/outputs/nemotron_sft_lora_with_cot_v2_mlx_stagefreeze_v1_stage2_attention_qkvo_lr2e5_len1536/eval_suite_readme_proxy_specialized"\012vo_run="baseline_mlx/outputs/nemotron_sft_lora_with_cot_v2_mlx_stagefreeze_v1_stage2_attention_vo_lr2e5_len1536"\012vo_log="$repo_root/$vo_run/console.log"\012mkdir -p "$(dirname "$vo_log")"\012while [ ! -f "$main_suite_root/benchmark_eval_suite_summary.json" ]; do\012  sleep 60\012done\012if [ -f "$repo_root/$vo_run/training_result.json" ]; then\012  exit 0\012fi\012uv run python baseline_mlx/reproduce_nemotron_sft_lora_with_cot_v2_mlx.py train \\012  --model-root "$repo_root/$stage1_run/shadow_model" \\012  --run-name nemotron_sft_lora_with_cot_v2_mlx_stagefreeze_v1_stage2_attention_vo_lr2e5_len1536 \\012  --profile notebook-current \\012  --train-csv "$repo_root/baseline_mlx/outputs/nemotron_sft_lora_with_cot_v2_mlx_stagefreeze_v1_artifacts/stage2_corrective_v1.csv" \\012  --type-sample "Bit Manipulation=209" \\012  --type-sample "Equation Transformation=9" \\012  --type-sample "Gravitational Constant=0" \\012  --type-sample "Numeral Conversion=0" \\012  --type-sample "Text Encryption=0" \\012  --type-sample "Unit Conversion=0" \\012  --num-epochs 3.6 \\012  --learning-rate 2e-5 \\012  --max-seq-length 1536 \\012  --lora-key-group stage-union \\012  --trainable-lora-suffix-group attention-vo \\012  --resume-adapter-file "$repo_root/$stage1_run/adapter/adapters.safetensors" \\012  --fail-on-runtime-contention \\012  2>&1 | tee "$vo_log"\012
  pid=64322 rss_gb=0.003 pcpu=0.0 etime=12:36 cmd=bash -lc \012set -euo pipefail\012repo_root="$PWD"\012stage1_run="baseline_mlx/outputs/nemotron_sft_lora_with_cot_v2_mlx_stagefreeze_v1_stage1_broad_v3f_union"\012vo_suite_root="$repo_root/baseline_mlx/outputs/nemotron_sft_lora_with_cot_v2_mlx_stagefreeze_v1_stage2_attention_vo_lr2e5_len1536/eval_suite_readme_proxy_specialized"\012short_run="baseline_mlx/outputs/nemotron_sft_lora_with_cot_v2_mlx_stagefreeze_v1_stage2_attention_qkvo_lr1e5_ep24_len1536"\012short_log="$repo_root/$short_run/console.log"\012mkdir -p "$(dirname "$short_log")"\012while [ ! -f "$vo_suite_root/benchmark_eval_suite_summary.json" ]; do\012  sleep 60\012done\012if [ -f "$repo_root/$short_run/training_result.json" ]; then\012  exit 0\012fi\012uv run python baseline_mlx/reproduce_nemotron_sft_lora_with_cot_v2_mlx.py train \\012  --model-root "$repo_root/$stage1_run/shadow_model" \\012  --run-name nemotron_sft_lora_with_cot_v2_mlx_stagefreeze_v1_stage2_attention_qkvo_lr1e5_ep24_len1536 \\012  --profile notebook-current \\012  --train-csv "$repo_root/baseline_mlx/outputs/nemotron_sft_lora_with_cot_v2_mlx_stagefreeze_v1_artifacts/stage2_corrective_v1.csv" \\012  --type-sample "Bit Manipulation=209" \\012  --type-sample "Equation Transformation=9" \\012  --type-sample "Gravitational Constant=0" \\012  --type-sample "Numeral Conversion=0" \\012  --type-sample "Text Encryption=0" \\012  --type-sample "Unit Conversion=0" \\012  --num-epochs 2.4 \\012  --learning-rate 1e-5 \\012  --max-seq-length 1536 \\012  --lora-key-group stage-union \\012  --trainable-lora-suffix-group attention \\012  --resume-adapter-file "$repo_root/$stage1_run/adapter/adapters.safetensors" \\012  --fail-on-runtime-contention \\012  2>&1 | tee "$short_log"\012
  pid=57937 rss_gb=0.003 pcpu=0.0 etime=33:21 cmd=bash -lc \012set -euo pipefail\012repo_root="$PWD"\012stage1_run="baseline_mlx/outputs/nemotron_sft_lora_with_cot_v2_mlx_stagefreeze_v1_stage1_broad_v3f_union"\012stage2_run="baseline_mlx/outputs/nemotron_sft_lora_with_cot_v2_mlx_stagefreeze_v1_stage2_attention_qkvo_lr2e5_len1536"\012stage2_log="$repo_root/$stage2_run/console.log"\012mkdir -p "$(dirname "$stage2_log")"\012while [ ! -f "$repo_root/$stage1_run/training_result.json" ]; do\012  sleep 60\012done\012uv run python baseline_mlx/reproduce_nemotron_sft_lora_with_cot_v2_mlx.py train \\012  --model-root "$repo_root/$stage1_run/shadow_model" \\012  --run-name nemotron_sft_lora_with_cot_v2_mlx_stagefreeze_v1_stage2_attention_qkvo_lr2e5_len1536 \\012  --profile notebook-current \\012  --train-csv "$repo_root/baseline_mlx/outputs/nemotron_sft_lora_with_cot_v2_mlx_stagefreeze_v1_artifacts/stage2_corrective_v1.csv" \\012  --type-sample "Bit Manipulation=209" \\012  --type-sample "Equation Transformation=9" \\012  --type-sample "Gravitational Constant=0" \\012  --type-sample "Numeral Conversion=0" \\012  --type-sample "Text Encryption=0" \\012  --type-sample "Unit Conversion=0" \\012  --num-epochs 3.6 \\012  --learning-rate 2e-5 \\012  --max-seq-length 1536 \\012  --lora-key-group stage-union \\012  --trainable-lora-suffix-group attention \\012  --resume-adapter-file "$repo_root/$stage1_run/adapter/adapters.safetensors" \\012  --fail-on-runtime-contention \\012  2>&1 | tee "$stage2_log"\012
mx.metal.device_info is deprecated and will be removed in a future version. Use mx.device_info instead.
Loading pretrained model
Loading datasets
Training
LoRA suffix filter: {"total_lora_modules": 116, "matched_by_suffix": {"mixer.in_proj": 23, "mixer.out_proj": 23, "mixer.shared_experts.down_proj": 23, "mixer.shared_experts.up_proj": 23}}
Trainable parameters: 0.076% (23.976M/31577.936M)
Starting training..., iters: 6642
Calculating loss...: 0it [00:00, ?it/s]Calculating loss...: 1it [00:00,  1.09it/s]Calculating loss...: 1it [00:00,  1.09it/s]
Iter 1: Val loss 1.677, Val took 0.932s
Iter 80 (Opt 10): Train loss 1.023, Learning Rate 2.195e-05, It/sec 0.488, Tokens/sec 308.780, Trained Tokens 50619, Peak mem 66.776 GB
Iter 160 (Opt 20): Train loss 0.532, Learning Rate 4.634e-05, It/sec 0.504, Tokens/sec 313.639, Trained Tokens 100362, Peak mem 67.104 GB
Iter 240 (Opt 30): Train loss 0.480, Learning Rate 7.073e-05, It/sec 0.512, Tokens/sec 310.518, Trained Tokens 148915, Peak mem 67.104 GB
Iter 320 (Opt 40): Train loss 0.486, Learning Rate 9.512e-05, It/sec 0.510, Tokens/sec 319.462, Trained Tokens 199032, Peak mem 67.104 GB
Iter 400 (Opt 50): Train loss 0.531, Learning Rate 9.998e-05, It/sec 0.539, Tokens/sec 301.506, Trained Tokens 243772, Peak mem 67.104 GB
Iter 480 (Opt 60): Train loss 0.477, Learning Rate 9.990e-05, It/sec 0.514, Tokens/sec 315.272, Trained Tokens 292840, Peak mem 67.842 GB
Iter 560 (Opt 70): Train loss 0.580, Learning Rate 9.974e-05, It/sec 0.503, Tokens/sec 318.298, Trained Tokens 343479, Peak mem 67.842 GB
Iter 640 (Opt 80): Train loss 0.793, Learning Rate 9.951e-05, It/sec 0.533, Tokens/sec 311.064, Trained Tokens 390202, Peak mem 67.842 GB
Iter 720 (Opt 90): Train loss 0.534, Learning Rate 9.921e-05, It/sec 0.519, Tokens/sec 310.618, Trained Tokens 438051, Peak mem 67.842 GB
Iter 800 (Opt 100): Train loss 0.516, Learning Rate 9.885e-05, It/sec 0.524, Tokens/sec 308.844, Trained Tokens 485240, Peak mem 67.842 GB
Iter 880 (Opt 110): Train loss 0.528, Learning Rate 9.841e-05, It/sec 0.527, Tokens/sec 311.942, Trained Tokens 532608, Peak mem 67.842 GB
Iter 960 (Opt 120): Train loss 0.461, Learning Rate 9.790e-05, It/sec 0.546, Tokens/sec 299.150, Trained Tokens 576408, Peak mem 67.842 GB
Iter 1040 (Opt 130): Train loss 0.493, Learning Rate 9.733e-05, It/sec 0.519, Tokens/sec 313.374, Trained Tokens 624728, Peak mem 67.842 GB
Iter 1120 (Opt 140): Train loss 0.396, Learning Rate 9.668e-05, It/sec 0.530, Tokens/sec 314.574, Trained Tokens 672201, Peak mem 67.842 GB
Iter 1200 (Opt 150): Train loss 0.425, Learning Rate 9.597e-05, It/sec 0.524, Tokens/sec 306.502, Trained Tokens 718976, Peak mem 67.842 GB
Iter 1280 (Opt 160): Train loss 0.478, Learning Rate 9.520e-05, It/sec 0.540, Tokens/sec 301.515, Trained Tokens 763615, Peak mem 67.842 GB
Iter 1360 (Opt 170): Train loss 0.435, Learning Rate 9.436e-05, It/sec 0.470, Tokens/sec 252.650, Trained Tokens 806592, Peak mem 67.842 GB
Iter 1440 (Opt 180): Train loss 0.399, Learning Rate 9.346e-05, It/sec 0.345, Tokens/sec 207.671, Trained Tokens 854793, Peak mem 67.842 GB
Iter 1520 (Opt 190): Train loss 0.395, Learning Rate 9.249e-05, It/sec 0.346, Tokens/sec 206.460, Trained Tokens 902471, Peak mem 67.842 GB
Iter 1600 (Opt 200): Train loss 0.446, Learning Rate 9.147e-05, It/sec 0.498, Tokens/sec 286.273, Trained Tokens 948453, Peak mem 67.842 GB
Iter 1680 (Opt 210): Train loss 0.441, Learning Rate 9.038e-05, It/sec 0.498, Tokens/sec 324.434, Trained Tokens 1000575, Peak mem 67.842 GB
Iter 1760 (Opt 220): Train loss 0.442, Learning Rate 8.924e-05, It/sec 0.513, Tokens/sec 308.778, Trained Tokens 1048739, Peak mem 68.597 GB
Iter 1840 (Opt 230): Train loss 0.395, Learning Rate 8.804e-05, It/sec 0.529, Tokens/sec 298.631, Trained Tokens 1093866, Peak mem 68.597 GB
Iter 1920 (Opt 240): Train loss 0.375, Learning Rate 8.679e-05, It/sec 0.519, Tokens/sec 311.184, Trained Tokens 1141871, Peak mem 68.597 GB
Iter 2000 (Opt 250): Train loss 0.361, Learning Rate 8.549e-05, It/sec 0.527, Tokens/sec 301.719, Trained Tokens 1187645, Peak mem 68.597 GB
Iter 2080 (Opt 260): Train loss 0.388, Learning Rate 8.413e-05, It/sec 0.535, Tokens/sec 301.208, Trained Tokens 1232709, Peak mem 68.597 GB
Iter 2160 (Opt 270): Train loss 0.379, Learning Rate 8.273e-05, It/sec 0.508, Tokens/sec 315.899, Trained Tokens 1282502, Peak mem 68.597 GB
Iter 2240 (Opt 280): Train loss 0.453, Learning Rate 8.128e-05, It/sec 0.525, Tokens/sec 304.558, Trained Tokens 1328905, Peak mem 68.597 GB
Iter 2320 (Opt 290): Train loss 0.383, Learning Rate 7.978e-05, It/sec 0.518, Tokens/sec 310.707, Trained Tokens 1376852, Peak mem 68.597 GB
Iter 2400 (Opt 300): Train loss 0.386, Learning Rate 7.825e-05, It/sec 0.512, Tokens/sec 308.975, Trained Tokens 1425144, Peak mem 68.597 GB
Iter 2480 (Opt 310): Train loss 0.424, Learning Rate 7.667e-05, It/sec 0.524, Tokens/sec 312.676, Trained Tokens 1472843, Peak mem 68.597 GB
Iter 2560 (Opt 320): Train loss 0.355, Learning Rate 7.505e-05, It/sec 0.514, Tokens/sec 315.748, Trained Tokens 1522012, Peak mem 68.597 GB
Iter 2640 (Opt 330): Train loss 0.418, Learning Rate 7.340e-05, It/sec 0.541, Tokens/sec 297.311, Trained Tokens 1565941, Peak mem 68.597 GB
Iter 2720 (Opt 340): Train loss 0.327, Learning Rate 7.172e-05, It/sec 0.517, Tokens/sec 308.390, Trained Tokens 1613640, Peak mem 68.597 GB
Iter 2800 (Opt 350): Train loss 0.385, Learning Rate 7.000e-05, It/sec 0.512, Tokens/sec 308.900, Trained Tokens 1661873, Peak mem 68.597 GB
Iter 2880 (Opt 360): Train loss 0.452, Learning Rate 6.826e-05, It/sec 0.517, Tokens/sec 308.391, Trained Tokens 1709548, Peak mem 68.597 GB
Iter 2960 (Opt 370): Train loss 0.385, Learning Rate 6.649e-05, It/sec 0.530, Tokens/sec 308.200, Trained Tokens 1756104, Peak mem 68.597 GB
Iter 3040 (Opt 380): Train loss 0.353, Learning Rate 6.469e-05, It/sec 0.527, Tokens/sec 303.494, Trained Tokens 1802147, Peak mem 68.597 GB
Iter 3120 (Opt 390): Train loss 0.439, Learning Rate 6.288e-05, It/sec 0.517, Tokens/sec 315.944, Trained Tokens 1851080, Peak mem 68.597 GB
Iter 3200 (Opt 400): Train loss 0.396, Learning Rate 6.105e-05, It/sec 0.509, Tokens/sec 312.119, Trained Tokens 1900181, Peak mem 68.597 GB
Iter 3280 (Opt 410): Train loss 0.404, Learning Rate 5.920e-05, It/sec 0.518, Tokens/sec 309.885, Trained Tokens 1948036, Peak mem 68.597 GB
Iter 3353 (Opt 420): Train loss 0.374, Learning Rate 5.734e-05, It/sec 0.527, Tokens/sec 306.678, Trained Tokens 1990545, Peak mem 68.597 GB
Iter 3433 (Opt 430): Train loss 0.355, Learning Rate 5.546e-05, It/sec 0.524, Tokens/sec 304.681, Trained Tokens 2037073, Peak mem 68.597 GB
Iter 3513 (Opt 440): Train loss 0.325, Learning Rate 5.358e-05, It/sec 0.506, Tokens/sec 308.543, Trained Tokens 2085875, Peak mem 68.597 GB
Iter 3593 (Opt 450): Train loss 0.324, Learning Rate 5.170e-05, It/sec 0.500, Tokens/sec 304.357, Trained Tokens 2134551, Peak mem 68.597 GB
Iter 3673 (Opt 460): Train loss 0.347, Learning Rate 4.981e-05, It/sec 0.524, Tokens/sec 299.527, Trained Tokens 2180242, Peak mem 68.597 GB
Iter 3753 (Opt 470): Train loss 0.353, Learning Rate 4.792e-05, It/sec 0.514, Tokens/sec 302.515, Trained Tokens 2227365, Peak mem 68.597 GB
Iter 3833 (Opt 480): Train loss 0.337, Learning Rate 4.604e-05, It/sec 0.517, Tokens/sec 297.072, Trained Tokens 2273302, Peak mem 68.597 GB
Iter 3913 (Opt 490): Train loss 0.325, Learning Rate 4.416e-05, It/sec 0.525, Tokens/sec 298.384, Trained Tokens 2318763, Peak mem 68.597 GB
Iter 3993 (Opt 500): Train loss 0.315, Learning Rate 4.229e-05, It/sec 0.486, Tokens/sec 312.390, Trained Tokens 2370133, Peak mem 68.597 GB
Iter 4073 (Opt 510): Train loss 0.252, Learning Rate 4.043e-05, It/sec 0.538, Tokens/sec 295.490, Trained Tokens 2414049, Peak mem 68.597 GB
Iter 4153 (Opt 520): Train loss 0.303, Learning Rate 3.858e-05, It/sec 0.527, Tokens/sec 300.110, Trained Tokens 2459598, Peak mem 68.597 GB
Iter 4233 (Opt 530): Train loss 0.323, Learning Rate 3.676e-05, It/sec 0.509, Tokens/sec 307.212, Trained Tokens 2507846, Peak mem 68.597 GB
Iter 4313 (Opt 540): Train loss 0.360, Learning Rate 3.494e-05, It/sec 0.512, Tokens/sec 311.925, Trained Tokens 2556566, Peak mem 68.597 GB
Iter 4393 (Opt 550): Train loss 0.359, Learning Rate 3.316e-05, It/sec 0.518, Tokens/sec 297.426, Trained Tokens 2602514, Peak mem 68.597 GB
Iter 4473 (Opt 560): Train loss 0.330, Learning Rate 3.139e-05, It/sec 0.493, Tokens/sec 312.443, Trained Tokens 2653196, Peak mem 68.597 GB
Iter 4553 (Opt 570): Train loss 0.328, Learning Rate 2.965e-05, It/sec 0.518, Tokens/sec 306.737, Trained Tokens 2700530, Peak mem 68.597 GB
Iter 4633 (Opt 580): Train loss 0.331, Learning Rate 2.794e-05, It/sec 0.531, Tokens/sec 303.224, Trained Tokens 2746223, Peak mem 68.597 GB
/opt/homebrew/Caskroom/miniforge/base/lib/python3.12/multiprocessing/resource_tracker.py:279: UserWarning: resource_tracker: There appear to be 1 leaked semaphore objects to clean up at shutdown
  warnings.warn('resource_tracker: There appear to be %d '
