[2026-04-15T00:31:20Z] full corrected train start
[info] overriding v20 micro_batch_size=16 with MLX micro_batch_size=1
Loading pretrained model
Configuring LoRA layers
Matched target modules:
  q_proj       6
  k_proj       6
  v_proj       6
  o_proj       6
  in_proj      23
  out_proj     23
  up_proj      2967
  down_proj    2967
  lm_head      1
trainable params: 888,154,112 || all params: 32,466,094,400 || trainable%: 2.7356
Trainable parameters: 2.813% (888.154M/31577.936M)
optimizer_kind: adam
Step 1/245: loss=0.383533 lr=0.00020000 tokens=104262 elapsed=306.18s
Step 2/245: loss=0.537892 lr=0.00019918 tokens=91684 elapsed=304.99s
Step 3/245: loss=0.300279 lr=0.00019837 tokens=136479 elapsed=303.41s
Step 4/245: loss=0.182143 lr=0.00019755 tokens=127862 elapsed=303.35s
Step 5/245: loss=0.183823 lr=0.00019673 tokens=101421 elapsed=303.30s
Step 6/245: loss=0.116211 lr=0.00019592 tokens=96648 elapsed=303.17s
Step 7/245: loss=0.110691 lr=0.00019510 tokens=105418 elapsed=303.54s
Step 8/245: loss=0.082718 lr=0.00019429 tokens=93000 elapsed=303.41s
Step 9/245: loss=0.073809 lr=0.00019347 tokens=119243 elapsed=303.49s
Step 10/245: loss=0.052514 lr=0.00019265 tokens=105743 elapsed=303.56s
Step 11/245: loss=0.055862 lr=0.00019184 tokens=130193 elapsed=303.65s
Step 12/245: loss=0.033986 lr=0.00019102 tokens=124091 elapsed=303.63s
Step 13/245: loss=0.045648 lr=0.00019020 tokens=110741 elapsed=303.56s
Step 14/245: loss=0.011076 lr=0.00018939 tokens=83505 elapsed=303.54s
Step 15/245: loss=0.038067 lr=0.00018857 tokens=134384 elapsed=303.52s
Step 16/245: loss=0.027839 lr=0.00018776 tokens=100319 elapsed=303.46s
Step 17/245: loss=0.017679 lr=0.00018694 tokens=112170 elapsed=303.60s
Step 18/245: loss=0.020535 lr=0.00018612 tokens=129203 elapsed=303.68s
Step 19/245: loss=0.008070 lr=0.00018531 tokens=98068 elapsed=303.62s
Step 20/245: loss=0.007985 lr=0.00018449 tokens=98643 elapsed=303.65s
Step 21/245: loss=0.006370 lr=0.00018367 tokens=82870 elapsed=303.65s
Step 22/245: loss=0.007002 lr=0.00018286 tokens=119289 elapsed=303.62s
Step 23/245: loss=0.005394 lr=0.00018204 tokens=108086 elapsed=303.61s
Step 24/245: loss=0.005654 lr=0.00018122 tokens=93404 elapsed=303.76s
Step 25/245: loss=0.004918 lr=0.00018041 tokens=107238 elapsed=303.84s
Step 26/245: loss=0.002767 lr=0.00017959 tokens=110758 elapsed=303.71s
Step 27/245: loss=0.003894 lr=0.00017878 tokens=105763 elapsed=303.62s
Step 28/245: loss=0.003131 lr=0.00017796 tokens=118547 elapsed=303.65s
Step 29/245: loss=0.002996 lr=0.00017714 tokens=101103 elapsed=303.62s
Step 30/245: loss=0.001993 lr=0.00017633 tokens=111063 elapsed=303.70s
Step 31/245: loss=0.001918 lr=0.00017551 tokens=103889 elapsed=303.84s
Step 32/245: loss=0.002980 lr=0.00017469 tokens=106583 elapsed=303.54s
Step 33/245: loss=0.002524 lr=0.00017388 tokens=134286 elapsed=303.57s
Step 34/245: loss=0.002329 lr=0.00017306 tokens=112152 elapsed=303.50s
Step 35/245: loss=0.002107 lr=0.00017224 tokens=103441 elapsed=303.57s
Step 36/245: loss=0.003367 lr=0.00017143 tokens=115820 elapsed=303.50s
Step 37/245: loss=0.003136 lr=0.00017061 tokens=98583 elapsed=303.56s
Step 38/245: loss=0.001952 lr=0.00016980 tokens=109427 elapsed=303.61s
Step 39/245: loss=0.002040 lr=0.00016898 tokens=118738 elapsed=303.59s
Step 40/245: loss=0.000838 lr=0.00016816 tokens=113085 elapsed=303.64s
Step 41/245: loss=0.002185 lr=0.00016735 tokens=128389 elapsed=303.71s
Step 42/245: loss=0.001947 lr=0.00016653 tokens=121030 elapsed=303.77s
Step 43/245: loss=0.001763 lr=0.00016571 tokens=115650 elapsed=303.64s
Step 44/245: loss=0.002671 lr=0.00016490 tokens=125581 elapsed=303.70s
Step 45/245: loss=0.001480 lr=0.00016408 tokens=113088 elapsed=303.72s
Step 46/245: loss=0.002614 lr=0.00016327 tokens=109491 elapsed=303.68s
Step 47/245: loss=0.001739 lr=0.00016245 tokens=91494 elapsed=303.73s
Step 48/245: loss=0.001236 lr=0.00016163 tokens=111863 elapsed=303.70s
Step 49/245: loss=0.002358 lr=0.00016082 tokens=83913 elapsed=303.67s
Step 50/245: loss=0.002628 lr=0.00016000 tokens=107415 elapsed=303.66s
Step 51/245: loss=0.001513 lr=0.00015918 tokens=110439 elapsed=303.68s
Step 52/245: loss=0.002140 lr=0.00015837 tokens=122676 elapsed=303.65s
Step 53/245: loss=0.001349 lr=0.00015755 tokens=100086 elapsed=303.68s
Step 54/245: loss=0.001397 lr=0.00015673 tokens=112645 elapsed=303.66s
Step 55/245: loss=0.001001 lr=0.00015592 tokens=117042 elapsed=303.65s
Step 56/245: loss=0.002516 lr=0.00015510 tokens=82314 elapsed=303.77s
Step 57/245: loss=0.001840 lr=0.00015429 tokens=120049 elapsed=303.71s
Step 58/245: loss=0.001921 lr=0.00015347 tokens=96449 elapsed=303.76s
Step 59/245: loss=0.001068 lr=0.00015265 tokens=118382 elapsed=303.69s
Step 60/245: loss=0.001502 lr=0.00015184 tokens=102261 elapsed=303.79s
Step 61/245: loss=0.001178 lr=0.00015102 tokens=104320 elapsed=303.81s
Step 62/245: loss=0.000751 lr=0.00015020 tokens=98419 elapsed=303.74s
Step 63/245: loss=0.001535 lr=0.00014939 tokens=112686 elapsed=303.81s
Step 64/245: loss=0.001059 lr=0.00014857 tokens=114937 elapsed=304.10s
Step 65/245: loss=0.000897 lr=0.00014776 tokens=106798 elapsed=305.49s
Step 66/245: loss=0.001015 lr=0.00014694 tokens=98316 elapsed=313.59s
Step 67/245: loss=0.001370 lr=0.00014612 tokens=95970 elapsed=314.90s
Step 68/245: loss=0.000846 lr=0.00014531 tokens=120516 elapsed=314.49s
Step 69/245: loss=0.001179 lr=0.00014449 tokens=104026 elapsed=315.25s
Step 70/245: loss=0.000610 lr=0.00014367 tokens=85922 elapsed=314.72s
Step 71/245: loss=0.001495 lr=0.00014286 tokens=109585 elapsed=314.52s
Step 72/245: loss=0.000741 lr=0.00014204 tokens=114223 elapsed=312.95s
Step 73/245: loss=0.001374 lr=0.00014122 tokens=103654 elapsed=313.26s
Step 74/245: loss=0.000971 lr=0.00014041 tokens=105690 elapsed=315.49s
Step 75/245: loss=0.001376 lr=0.00013959 tokens=89677 elapsed=313.21s
Step 76/245: loss=0.001609 lr=0.00013878 tokens=103649 elapsed=312.64s
Step 77/245: loss=0.002367 lr=0.00013796 tokens=103898 elapsed=311.80s
Step 78/245: loss=0.001180 lr=0.00013714 tokens=121139 elapsed=312.92s
Step 79/245: loss=0.001583 lr=0.00013633 tokens=119821 elapsed=313.48s
Step 80/245: loss=0.000902 lr=0.00013551 tokens=123551 elapsed=313.24s
Step 81/245: loss=0.001366 lr=0.00013469 tokens=97530 elapsed=313.15s
Step 82/245: loss=0.001781 lr=0.00013388 tokens=116404 elapsed=313.04s
Step 83/245: loss=0.001592 lr=0.00013306 tokens=127106 elapsed=311.65s
Step 84/245: loss=0.001130 lr=0.00013224 tokens=105793 elapsed=312.88s
Step 85/245: loss=0.000709 lr=0.00013143 tokens=98913 elapsed=313.00s
Step 86/245: loss=0.000855 lr=0.00013061 tokens=97085 elapsed=312.98s
Step 87/245: loss=0.001502 lr=0.00012980 tokens=109202 elapsed=312.98s
Step 88/245: loss=0.001925 lr=0.00012898 tokens=82453 elapsed=312.99s
Step 89/245: loss=0.000864 lr=0.00012816 tokens=125649 elapsed=313.05s
Step 90/245: loss=0.000787 lr=0.00012735 tokens=120845 elapsed=313.07s
Step 91/245: loss=0.001424 lr=0.00012653 tokens=111364 elapsed=312.61s
Step 92/245: loss=0.001266 lr=0.00012571 tokens=114466 elapsed=309.36s
Step 93/245: loss=0.001135 lr=0.00012490 tokens=110563 elapsed=309.34s
Step 94/245: loss=0.001354 lr=0.00012408 tokens=114460 elapsed=309.28s
Step 95/245: loss=0.000756 lr=0.00012327 tokens=96131 elapsed=308.24s
Step 96/245: loss=0.001846 lr=0.00012245 tokens=106604 elapsed=310.03s
Step 97/245: loss=0.000733 lr=0.00012163 tokens=124395 elapsed=308.80s
Step 98/245: loss=0.001096 lr=0.00012082 tokens=102762 elapsed=308.16s
Step 99/245: loss=0.000763 lr=0.00012000 tokens=95466 elapsed=308.15s
Step 100/245: loss=0.001153 lr=0.00011918 tokens=84008 elapsed=308.21s
Step 101/245: loss=0.000939 lr=0.00011837 tokens=105432 elapsed=308.16s
Step 102/245: loss=0.001305 lr=0.00011755 tokens=121518 elapsed=308.15s
Step 103/245: loss=0.000442 lr=0.00011673 tokens=117355 elapsed=308.30s
Step 104/245: loss=0.000546 lr=0.00011592 tokens=131243 elapsed=308.20s
Step 105/245: loss=0.000962 lr=0.00011510 tokens=116911 elapsed=308.15s
Step 106/245: loss=0.000719 lr=0.00011429 tokens=111133 elapsed=308.11s
Step 107/245: loss=0.000795 lr=0.00011347 tokens=96340 elapsed=308.07s
Step 108/245: loss=0.000342 lr=0.00011265 tokens=103811 elapsed=308.17s
Step 109/245: loss=0.001200 lr=0.00011184 tokens=87756 elapsed=308.10s
Step 110/245: loss=0.000715 lr=0.00011102 tokens=123598 elapsed=308.08s
Step 111/245: loss=0.000932 lr=0.00011020 tokens=110258 elapsed=308.15s
Step 112/245: loss=0.000699 lr=0.00010939 tokens=119306 elapsed=308.09s
Step 113/245: loss=0.000977 lr=0.00010857 tokens=105870 elapsed=308.07s
Step 114/245: loss=0.000980 lr=0.00010776 tokens=111454 elapsed=308.07s
Step 115/245: loss=0.001467 lr=0.00010694 tokens=91576 elapsed=308.04s
Step 116/245: loss=0.000734 lr=0.00010612 tokens=110482 elapsed=308.16s
Step 117/245: loss=0.001546 lr=0.00010531 tokens=91526 elapsed=308.22s
Step 118/245: loss=0.001421 lr=0.00010449 tokens=116036 elapsed=308.08s
Step 119/245: loss=0.001126 lr=0.00010367 tokens=81687 elapsed=307.98s
Step 120/245: loss=0.000882 lr=0.00010286 tokens=101232 elapsed=308.05s
Step 121/245: loss=0.000829 lr=0.00010204 tokens=117776 elapsed=308.08s
Step 122/245: loss=0.000602 lr=0.00010122 tokens=109999 elapsed=308.25s
Step 123/245: loss=0.001119 lr=0.00010041 tokens=93427 elapsed=308.02s
Step 124/245: loss=0.000980 lr=0.00009959 tokens=131646 elapsed=308.03s
Step 125/245: loss=0.000667 lr=0.00009878 tokens=98814 elapsed=308.03s
Step 126/245: loss=0.000946 lr=0.00009796 tokens=107275 elapsed=308.08s
Step 127/245: loss=0.001234 lr=0.00009714 tokens=93135 elapsed=308.10s
Step 128/245: loss=0.000644 lr=0.00009633 tokens=117492 elapsed=308.07s
Step 129/245: loss=0.001052 lr=0.00009551 tokens=101788 elapsed=308.07s
Step 130/245: loss=0.000378 lr=0.00009469 tokens=133181 elapsed=308.12s
Step 131/245: loss=0.000621 lr=0.00009388 tokens=125482 elapsed=308.18s
Step 132/245: loss=0.000737 lr=0.00009306 tokens=89719 elapsed=308.20s
Step 133/245: loss=0.001055 lr=0.00009224 tokens=119475 elapsed=308.19s
Step 134/245: loss=0.000735 lr=0.00009143 tokens=108623 elapsed=308.12s
Step 135/245: loss=0.000483 lr=0.00009061 tokens=112396 elapsed=308.07s
Step 136/245: loss=0.000836 lr=0.00008980 tokens=109575 elapsed=308.16s
Step 137/245: loss=0.000887 lr=0.00008898 tokens=93887 elapsed=308.08s
Step 138/245: loss=0.001622 lr=0.00008816 tokens=99027 elapsed=308.08s
Step 139/245: loss=0.000917 lr=0.00008735 tokens=133101 elapsed=308.01s
Step 140/245: loss=0.000950 lr=0.00008653 tokens=139536 elapsed=308.07s
Step 141/245: loss=0.001266 lr=0.00008571 tokens=107862 elapsed=308.00s
Step 142/245: loss=0.000874 lr=0.00008490 tokens=109392 elapsed=308.00s
Step 143/245: loss=0.000814 lr=0.00008408 tokens=101404 elapsed=308.01s
Step 144/245: loss=0.000766 lr=0.00008327 tokens=84516 elapsed=308.03s
Step 145/245: loss=0.000822 lr=0.00008245 tokens=111431 elapsed=308.12s
Step 146/245: loss=0.000603 lr=0.00008163 tokens=81985 elapsed=308.10s
Step 147/245: loss=0.000462 lr=0.00008082 tokens=112397 elapsed=308.02s
Step 148/245: loss=0.001257 lr=0.00008000 tokens=80006 elapsed=308.09s
Step 149/245: loss=0.000497 lr=0.00007918 tokens=108659 elapsed=308.00s
Step 150/245: loss=0.000573 lr=0.00007837 tokens=106402 elapsed=308.15s
Step 151/245: loss=0.000442 lr=0.00007755 tokens=116431 elapsed=308.03s
Step 152/245: loss=0.000218 lr=0.00007673 tokens=91517 elapsed=307.96s
Step 153/245: loss=0.000679 lr=0.00007592 tokens=113939 elapsed=308.06s
Step 154/245: loss=0.000396 lr=0.00007510 tokens=95033 elapsed=308.02s
Step 155/245: loss=0.000743 lr=0.00007429 tokens=115091 elapsed=308.02s
Step 156/245: loss=0.001084 lr=0.00007347 tokens=108332 elapsed=308.06s
Step 157/245: loss=0.000508 lr=0.00007265 tokens=123010 elapsed=308.13s
Step 158/245: loss=0.001237 lr=0.00007184 tokens=98178 elapsed=307.98s
Step 159/245: loss=0.001100 lr=0.00007102 tokens=96353 elapsed=307.96s
Step 160/245: loss=0.000520 lr=0.00007020 tokens=90911 elapsed=308.05s
Step 161/245: loss=0.000544 lr=0.00006939 tokens=118619 elapsed=308.14s
Step 162/245: loss=0.000288 lr=0.00006857 tokens=84811 elapsed=308.13s
Step 163/245: loss=0.000631 lr=0.00006776 tokens=107144 elapsed=308.12s
Step 164/245: loss=0.000499 lr=0.00006694 tokens=110129 elapsed=308.08s
Step 165/245: loss=0.000457 lr=0.00006612 tokens=114578 elapsed=308.04s
Step 166/245: loss=0.000449 lr=0.00006531 tokens=111960 elapsed=308.09s
Step 167/245: loss=0.000519 lr=0.00006449 tokens=113890 elapsed=308.06s
Step 168/245: loss=0.000673 lr=0.00006367 tokens=113066 elapsed=308.07s
Step 169/245: loss=0.000528 lr=0.00006286 tokens=91799 elapsed=308.06s
Step 170/245: loss=0.000476 lr=0.00006204 tokens=100396 elapsed=308.14s
Step 171/245: loss=0.000245 lr=0.00006122 tokens=103331 elapsed=308.10s
Step 172/245: loss=0.000894 lr=0.00006041 tokens=108631 elapsed=308.16s
Step 173/245: loss=0.000344 lr=0.00005959 tokens=112164 elapsed=308.15s
Step 174/245: loss=0.000465 lr=0.00005878 tokens=107681 elapsed=308.07s
Step 175/245: loss=0.000430 lr=0.00005796 tokens=120665 elapsed=308.05s
Step 176/245: loss=0.000353 lr=0.00005714 tokens=110459 elapsed=308.03s
Step 177/245: loss=0.000610 lr=0.00005633 tokens=99080 elapsed=308.13s
Step 178/245: loss=0.000768 lr=0.00005551 tokens=112549 elapsed=308.04s
Step 179/245: loss=0.000841 lr=0.00005469 tokens=126758 elapsed=308.01s
Step 180/245: loss=0.000514 lr=0.00005388 tokens=116394 elapsed=308.16s
Step 181/245: loss=0.000585 lr=0.00005306 tokens=114988 elapsed=308.00s
Step 182/245: loss=0.000185 lr=0.00005224 tokens=93153 elapsed=308.13s
Step 183/245: loss=0.000469 lr=0.00005143 tokens=106983 elapsed=308.18s
Step 184/245: loss=0.000220 lr=0.00005061 tokens=103063 elapsed=308.10s
Step 185/245: loss=0.000378 lr=0.00004980 tokens=132156 elapsed=308.07s
Step 186/245: loss=0.000387 lr=0.00004898 tokens=142595 elapsed=308.03s
Step 187/245: loss=0.000225 lr=0.00004816 tokens=124676 elapsed=308.04s
Step 188/245: loss=0.000320 lr=0.00004735 tokens=103502 elapsed=308.20s
Step 189/245: loss=0.000365 lr=0.00004653 tokens=111358 elapsed=308.14s
Step 190/245: loss=0.000548 lr=0.00004571 tokens=117093 elapsed=308.10s
Step 191/245: loss=0.000154 lr=0.00004490 tokens=123990 elapsed=308.09s
Step 192/245: loss=0.000568 lr=0.00004408 tokens=122122 elapsed=308.13s
Step 193/245: loss=0.000416 lr=0.00004327 tokens=85131 elapsed=308.09s
Step 194/245: loss=0.000471 lr=0.00004245 tokens=117617 elapsed=308.01s
Step 195/245: loss=0.000242 lr=0.00004163 tokens=99734 elapsed=308.14s
Step 196/245: loss=0.000456 lr=0.00004082 tokens=115698 elapsed=308.01s
Step 197/245: loss=0.000411 lr=0.00004000 tokens=114082 elapsed=308.08s
Step 198/245: loss=0.000388 lr=0.00003918 tokens=127216 elapsed=308.03s
Step 199/245: loss=0.000289 lr=0.00003837 tokens=121942 elapsed=308.15s
Step 200/245: loss=0.000514 lr=0.00003755 tokens=97093 elapsed=308.09s
Step 201/245: loss=0.000156 lr=0.00003673 tokens=105869 elapsed=308.09s
Step 202/245: loss=0.000346 lr=0.00003592 tokens=128710 elapsed=308.02s
Step 203/245: loss=0.000116 lr=0.00003510 tokens=108300 elapsed=308.07s
Step 204/245: loss=0.000247 lr=0.00003429 tokens=112575 elapsed=308.05s
Step 205/245: loss=0.000148 lr=0.00003347 tokens=101473 elapsed=308.15s
Step 206/245: loss=0.000311 lr=0.00003265 tokens=99476 elapsed=308.15s
Step 207/245: loss=0.000892 lr=0.00003184 tokens=99747 elapsed=308.19s
Step 208/245: loss=0.000303 lr=0.00003102 tokens=109911 elapsed=308.04s
Step 209/245: loss=0.000113 lr=0.00003020 tokens=106866 elapsed=308.13s
Step 210/245: loss=0.000694 lr=0.00002939 tokens=105271 elapsed=308.06s
Step 211/245: loss=0.000147 lr=0.00002857 tokens=118595 elapsed=308.06s
Step 212/245: loss=0.000241 lr=0.00002776 tokens=103377 elapsed=308.11s
Step 213/245: loss=0.000434 lr=0.00002694 tokens=117005 elapsed=308.13s
Step 214/245: loss=0.000644 lr=0.00002612 tokens=86374 elapsed=308.11s
Step 215/245: loss=0.000199 lr=0.00002531 tokens=114413 elapsed=308.11s
Step 216/245: loss=0.000427 lr=0.00002449 tokens=77641 elapsed=308.10s
Step 217/245: loss=0.000336 lr=0.00002367 tokens=93692 elapsed=308.07s
Step 218/245: loss=0.000201 lr=0.00002286 tokens=107089 elapsed=308.14s
Step 219/245: loss=0.000436 lr=0.00002204 tokens=114085 elapsed=308.05s
Step 220/245: loss=0.000600 lr=0.00002122 tokens=102312 elapsed=308.10s
Step 221/245: loss=0.000134 lr=0.00002041 tokens=122022 elapsed=308.05s
Step 222/245: loss=0.000230 lr=0.00001959 tokens=108989 elapsed=308.06s
Step 223/245: loss=0.000087 lr=0.00001878 tokens=111413 elapsed=308.07s
Step 224/245: loss=0.000231 lr=0.00001796 tokens=111657 elapsed=308.10s
Step 225/245: loss=0.000178 lr=0.00001714 tokens=117455 elapsed=308.13s
Step 226/245: loss=0.000279 lr=0.00001633 tokens=119622 elapsed=307.97s
Step 227/245: loss=0.000295 lr=0.00001551 tokens=122448 elapsed=308.00s
Step 228/245: loss=0.000126 lr=0.00001469 tokens=100310 elapsed=308.03s
Step 229/245: loss=0.000180 lr=0.00001388 tokens=109224 elapsed=308.06s
Step 230/245: loss=0.000377 lr=0.00001306 tokens=94703 elapsed=307.96s
Step 231/245: loss=0.000189 lr=0.00001224 tokens=107903 elapsed=308.05s
Step 232/245: loss=0.000287 lr=0.00001143 tokens=98400 elapsed=308.13s
Step 233/245: loss=0.000074 lr=0.00001061 tokens=96660 elapsed=308.19s
Step 234/245: loss=0.000290 lr=0.00000980 tokens=129065 elapsed=308.11s
Step 235/245: loss=0.000150 lr=0.00000898 tokens=109908 elapsed=308.05s
Step 236/245: loss=0.000183 lr=0.00000816 tokens=98720 elapsed=308.03s
Step 237/245: loss=0.000140 lr=0.00000735 tokens=126413 elapsed=308.06s
Step 238/245: loss=0.000138 lr=0.00000653 tokens=114970 elapsed=307.99s
Step 239/245: loss=0.000222 lr=0.00000571 tokens=99075 elapsed=308.06s
Step 240/245: loss=0.000101 lr=0.00000490 tokens=130107 elapsed=308.16s
Step 241/245: loss=0.000082 lr=0.00000408 tokens=114327 elapsed=308.06s
Step 242/245: loss=0.000166 lr=0.00000327 tokens=93961 elapsed=308.08s
Step 243/245: loss=0.000144 lr=0.00000245 tokens=111439 elapsed=308.10s
Step 244/245: loss=0.000290 lr=0.00000163 tokens=92282 elapsed=308.02s
Step 245/245: loss=0.000309 lr=0.00000082 tokens=68475 elapsed=213.21s
{
  "created_at": "2026-04-15T21:25:54.502976+00:00",
  "run_root": "/Users/mac-studio/work/NVIDIA Nemotron Model Reasoning Challenge/v20_mlx_repro_v1/outputs/v20_mlx_repro_v1_fullrun_targetfix_mb1",
  "shadow_model_dir": "/Users/mac-studio/work/NVIDIA Nemotron Model Reasoning Challenge/v20_mlx_repro_v1/outputs/v20_mlx_repro_v1_fullrun_targetfix_mb1/shadow_model",
  "adapter_dir": "/Users/mac-studio/work/NVIDIA Nemotron Model Reasoning Challenge/v20_mlx_repro_v1/outputs/v20_mlx_repro_v1_fullrun_targetfix_mb1/adapter",
  "adapter_files": [
    {
      "name": "adapter_config.json",
      "is_dir": false,
      "size_bytes": 2049
    },
    {
      "name": "adapters.safetensors",
      "is_dir": false,
      "size_bytes": 3552656149
    },
    {
      "name": "latest_train_report.json",
      "is_dir": false,
      "size_bytes": 408
    },
    {
      "name": "train_report.jsonl",
      "is_dir": false,
      "size_bytes": 92529
    }
  ],
  "final_adapter_path": "/Users/mac-studio/work/NVIDIA Nemotron Model Reasoning Challenge/v20_mlx_repro_v1/outputs/v20_mlx_repro_v1_fullrun_targetfix_mb1/adapter/adapters.safetensors",
  "runtime_preflight_path": "/Users/mac-studio/work/NVIDIA Nemotron Model Reasoning Challenge/v20_mlx_repro_v1/outputs/v20_mlx_repro_v1_fullrun_targetfix_mb1/runtime_preflight.json",
  "latest_train_report": {
    "observed_at": "2026-04-15T21:25:53.287801+00:00",
    "step": 245,
    "step_zero_indexed": 244,
    "v20_snapshot_step": 244,
    "examples_in_step": 22,
    "microbatches_in_step": 22,
    "train_loss": 0.00030877206662561054,
    "step_tokens": 68475,
    "trained_tokens": 26568807,
    "lr": 8.163265306122547e-07,
    "elapsed_seconds": 213.2064,
    "total_elapsed_seconds": 75247.1154,
    "peak_memory_gb": 221.9409
  },
  "snapshot_contract_path": "/Users/mac-studio/work/NVIDIA Nemotron Model Reasoning Challenge/v20_mlx_repro_v1/outputs/v20_mlx_repro_v1_fullrun_targetfix_mb1/snapshot_contract.json",
  "step_plan_path": "/Users/mac-studio/work/NVIDIA Nemotron Model Reasoning Challenge/v20_mlx_repro_v1/outputs/v20_mlx_repro_v1_fullrun_targetfix_mb1/step_plan.json",
  "mlx_bundle": {
    "created_at": "2026-04-15T21:25:54.502656+00:00",
    "bundle_root": "/Users/mac-studio/work/NVIDIA Nemotron Model Reasoning Challenge/v20_mlx_repro_v1/outputs/v20_mlx_repro_v1_fullrun_targetfix_mb1/mlx_adapter_bundle",
    "note": "Local MLX adapter bundle for v20 reproduction. Not claimed submission-compatible.",
    "files": [
      {
        "name": "adapter_config.json",
        "is_dir": false,
        "size_bytes": 2049
      },
      {
        "name": "adapters.safetensors",
        "is_dir": false,
        "size_bytes": 3552656149
      }
    ]
  }
}
