[2026-04-15T00:39:18Z] train-progress watcher start
[2026-04-15T00:39:18Z] latest_train_report
{
  "observed_at": "2026-04-15T00:36:52.214936+00:00",
  "step": 1,
  "step_zero_indexed": 0,
  "v20_snapshot_step": 0,
  "examples_in_step": 32,
  "microbatches_in_step": 32,
  "train_loss": 0.3835325885531003,
  "step_tokens": 104262,
  "trained_tokens": 104262,
  "lr": 0.0002,
  "elapsed_seconds": 306.1784,
  "total_elapsed_seconds": 306.1784,
  "peak_memory_gb": 214.8353
}

[2026-04-15T00:49:18Z] latest_train_report
{
  "observed_at": "2026-04-15T00:47:00.614330+00:00",
  "step": 3,
  "step_zero_indexed": 2,
  "v20_snapshot_step": 2,
  "examples_in_step": 32,
  "microbatches_in_step": 32,
  "train_loss": 0.3002787976761552,
  "step_tokens": 136479,
  "trained_tokens": 332425,
  "lr": 0.00019836734693877553,
  "elapsed_seconds": 303.4058,
  "total_elapsed_seconds": 914.5765,
  "peak_memory_gb": 221.9409
}

[2026-04-15T00:59:18Z] latest_train_report
{
  "observed_at": "2026-04-15T00:57:07.276810+00:00",
  "step": 5,
  "step_zero_indexed": 4,
  "v20_snapshot_step": 4,
  "examples_in_step": 32,
  "microbatches_in_step": 32,
  "train_loss": 0.18382287641119419,
  "step_tokens": 101421,
  "trained_tokens": 561708,
  "lr": 0.00019673469387755104,
  "elapsed_seconds": 303.3049,
  "total_elapsed_seconds": 1521.2325,
  "peak_memory_gb": 221.9409
}

[2026-04-15T01:09:18Z] latest_train_report
{
  "observed_at": "2026-04-15T01:07:13.994495+00:00",
  "step": 7,
  "step_zero_indexed": 6,
  "v20_snapshot_step": 6,
  "examples_in_step": 32,
  "microbatches_in_step": 32,
  "train_loss": 0.11069148582283192,
  "step_tokens": 105418,
  "trained_tokens": 763774,
  "lr": 0.00019510204081632656,
  "elapsed_seconds": 303.5417,
  "total_elapsed_seconds": 2127.9489,
  "peak_memory_gb": 221.9409
}

[2026-04-15T01:19:18Z] latest_train_report
{
  "observed_at": "2026-04-15T01:17:20.898497+00:00",
  "step": 9,
  "step_zero_indexed": 8,
  "v20_snapshot_step": 8,
  "examples_in_step": 32,
  "microbatches_in_step": 32,
  "train_loss": 0.07380936467549064,
  "step_tokens": 119243,
  "trained_tokens": 976017,
  "lr": 0.00019346938775510205,
  "elapsed_seconds": 303.4872,
  "total_elapsed_seconds": 2734.8516,
  "peak_memory_gb": 221.9409
}

[2026-04-15T01:29:18Z] latest_train_report
{
  "observed_at": "2026-04-15T01:27:28.110817+00:00",
  "step": 11,
  "step_zero_indexed": 10,
  "v20_snapshot_step": 10,
  "examples_in_step": 32,
  "microbatches_in_step": 32,
  "train_loss": 0.0558617782396923,
  "step_tokens": 130193,
  "trained_tokens": 1211953,
  "lr": 0.00019183673469387756,
  "elapsed_seconds": 303.6473,
  "total_elapsed_seconds": 3342.0626,
  "peak_memory_gb": 221.9409
}

[2026-04-15T01:39:18Z] latest_train_report
{
  "observed_at": "2026-04-15T01:37:35.304326+00:00",
  "step": 13,
  "step_zero_indexed": 12,
  "v20_snapshot_step": 12,
  "examples_in_step": 32,
  "microbatches_in_step": 32,
  "train_loss": 0.04564817911172561,
  "step_tokens": 110741,
  "trained_tokens": 1446785,
  "lr": 0.00019020408163265305,
  "elapsed_seconds": 303.5596,
  "total_elapsed_seconds": 3949.2548,
  "peak_memory_gb": 221.9409
}

[2026-04-15T01:49:18Z] latest_train_report
{
  "observed_at": "2026-04-15T01:47:42.365978+00:00",
  "step": 15,
  "step_zero_indexed": 14,
  "v20_snapshot_step": 14,
  "examples_in_step": 32,
  "microbatches_in_step": 32,
  "train_loss": 0.03806675290129865,
  "step_tokens": 134384,
  "trained_tokens": 1664674,
  "lr": 0.00018857142857142857,
  "elapsed_seconds": 303.5215,
  "total_elapsed_seconds": 4556.3152,
  "peak_memory_gb": 221.9409
}

[2026-04-15T01:59:18Z] latest_train_report
{
  "observed_at": "2026-04-15T01:57:49.434366+00:00",
  "step": 17,
  "step_zero_indexed": 16,
  "v20_snapshot_step": 16,
  "examples_in_step": 32,
  "microbatches_in_step": 32,
  "train_loss": 0.0176785236643729,
  "step_tokens": 112170,
  "trained_tokens": 1877163,
  "lr": 0.0001869387755102041,
  "elapsed_seconds": 303.6015,
  "total_elapsed_seconds": 5163.3823,
  "peak_memory_gb": 221.9409
}

[2026-04-15T02:09:18Z] latest_train_report
{
  "observed_at": "2026-04-15T02:07:56.735772+00:00",
  "step": 19,
  "step_zero_indexed": 18,
  "v20_snapshot_step": 18,
  "examples_in_step": 32,
  "microbatches_in_step": 32,
  "train_loss": 0.008069655705823424,
  "step_tokens": 98068,
  "trained_tokens": 2104434,
  "lr": 0.0001853061224489796,
  "elapsed_seconds": 303.6154,
  "total_elapsed_seconds": 5770.6824,
  "peak_memory_gb": 221.9409
}

[2026-04-15T02:19:18Z] latest_train_report
{
  "observed_at": "2026-04-15T02:18:04.035727+00:00",
  "step": 21,
  "step_zero_indexed": 20,
  "v20_snapshot_step": 20,
  "examples_in_step": 32,
  "microbatches_in_step": 32,
  "train_loss": 0.006369916651047215,
  "step_tokens": 82870,
  "trained_tokens": 2285947,
  "lr": 0.00018367346938775512,
  "elapsed_seconds": 303.6467,
  "total_elapsed_seconds": 6377.981,
  "peak_memory_gb": 221.9409
}

[2026-04-15T02:29:18Z] latest_train_report
{
  "observed_at": "2026-04-15T02:28:11.274534+00:00",
  "step": 23,
  "step_zero_indexed": 22,
  "v20_snapshot_step": 22,
  "examples_in_step": 32,
  "microbatches_in_step": 32,
  "train_loss": 0.005393853088901411,
  "step_tokens": 108086,
  "trained_tokens": 2513322,
  "lr": 0.00018204081632653064,
  "elapsed_seconds": 303.6133,
  "total_elapsed_seconds": 6985.2185,
  "peak_memory_gb": 221.9409
}

[2026-04-15T02:39:18Z] latest_train_report
{
  "observed_at": "2026-04-15T02:38:18.882192+00:00",
  "step": 25,
  "step_zero_indexed": 24,
  "v20_snapshot_step": 24,
  "examples_in_step": 32,
  "microbatches_in_step": 32,
  "train_loss": 0.004917799675073386,
  "step_tokens": 107238,
  "trained_tokens": 2713964,
  "lr": 0.00018040816326530615,
  "elapsed_seconds": 303.8433,
  "total_elapsed_seconds": 7592.8234,
  "peak_memory_gb": 221.9409
}

[2026-04-15T02:49:18Z] latest_train_report
{
  "observed_at": "2026-04-15T02:48:26.209762+00:00",
  "step": 27,
  "step_zero_indexed": 26,
  "v20_snapshot_step": 26,
  "examples_in_step": 32,
  "microbatches_in_step": 32,
  "train_loss": 0.0038937293759880314,
  "step_tokens": 105763,
  "trained_tokens": 2930485,
  "lr": 0.00017877551020408164,
  "elapsed_seconds": 303.6194,
  "total_elapsed_seconds": 8200.1496,
  "peak_memory_gb": 221.9409
}

