Runtime preflight: system_free_memory=98%
Runtime preflight: gpu_device_util=4% renderer=4% tiler=4%
mx.metal.device_info is deprecated and will be removed in a future version. Use mx.device_info instead.
Loading pretrained model
Loading datasets
Training
Trainable parameters: 2.787% (880.138M/31577.936M)
Starting training..., iters: 5814
Calculating loss...: 0it [00:00, ?it/s]Calculating loss...: 1it [00:02,  2.16s/it]Calculating loss...: 1it [00:02,  2.16s/it]
Iter 1: Val loss 1.220, Val took 2.200s
Iter 8 (Opt 1): Train loss 1.052, Learning Rate 0.000e+00, It/sec 0.048, Tokens/sec 36.089, Trained Tokens 5990, Peak mem 75.724 GB
Iter 16 (Opt 2): Train loss 1.916, Learning Rate 2.778e-06, It/sec 0.063, Tokens/sec 30.910, Trained Tokens 9926, Peak mem 79.202 GB
Iter 24 (Opt 3): Train loss 1.305, Learning Rate 5.556e-06, It/sec 0.055, Tokens/sec 35.316, Trained Tokens 15109, Peak mem 79.630 GB
Iter 32 (Opt 4): Train loss 1.018, Learning Rate 8.333e-06, It/sec 0.066, Tokens/sec 33.567, Trained Tokens 19161, Peak mem 79.630 GB
Iter 40 (Opt 5): Train loss 0.703, Learning Rate 1.111e-05, It/sec 0.058, Tokens/sec 37.726, Trained Tokens 24406, Peak mem 79.720 GB
Iter 48 (Opt 6): Train loss 0.702, Learning Rate 1.389e-05, It/sec 0.060, Tokens/sec 38.114, Trained Tokens 29463, Peak mem 80.230 GB
Iter 56 (Opt 7): Train loss 0.568, Learning Rate 1.667e-05, It/sec 0.061, Tokens/sec 36.643, Trained Tokens 34236, Peak mem 80.230 GB
Iter 64 (Opt 8): Train loss 0.494, Learning Rate 1.944e-05, It/sec 0.063, Tokens/sec 36.532, Trained Tokens 38855, Peak mem 80.230 GB
Iter 72 (Opt 9): Train loss 0.925, Learning Rate 2.222e-05, It/sec 0.056, Tokens/sec 31.182, Trained Tokens 43279, Peak mem 80.230 GB
Iter 80 (Opt 10): Train loss 0.599, Learning Rate 2.500e-05, It/sec 0.060, Tokens/sec 36.601, Trained Tokens 48185, Peak mem 80.230 GB
