[2026-04-16T04:45:00Z] smoke watcher v2 start
[2026-04-16T04:45:00Z] waiting for training_result
[2026-04-16T04:50:00Z] waiting for training_result
[2026-04-16T04:55:00Z] waiting for training_result
[2026-04-16T05:00:00Z] waiting for training_result
[2026-04-16T05:05:00Z] waiting for training_result
[2026-04-16T05:10:00Z] waiting for training_result
[2026-04-16T05:15:00Z] waiting for training_result
[2026-04-16T05:20:00Z] waiting for training_result
[2026-04-16T05:25:00Z] waiting for training_result
[2026-04-16T05:30:00Z] waiting for training_result
[2026-04-16T05:35:00Z] waiting for training_result
[2026-04-16T05:40:00Z] waiting for training_result
[2026-04-16T05:45:01Z] waiting for training_result
[2026-04-16T05:50:01Z] waiting for training_result
[2026-04-16T05:55:01Z] waiting for training_result
[2026-04-16T06:00:01Z] waiting for training_result
[2026-04-16T06:05:01Z] waiting for training_result
[2026-04-16T06:10:01Z] waiting for training_result
[2026-04-16T06:15:01Z] waiting for training_result
[2026-04-16T06:20:01Z] waiting for training_result
[2026-04-16T06:25:01Z] waiting for training_result
[2026-04-16T06:30:01Z] waiting for training_result
[2026-04-16T06:35:01Z] waiting for training_result
[2026-04-16T06:40:01Z] waiting for training_result
[2026-04-16T06:45:01Z] waiting for training_result
[2026-04-16T06:50:01Z] waiting for training_result
[2026-04-16T06:55:01Z] waiting for training_result
[2026-04-16T07:00:01Z] waiting for training_result
[2026-04-16T07:05:02Z] waiting for training_result
[2026-04-16T07:10:02Z] waiting for training_result
[2026-04-16T07:15:02Z] waiting for training_result
[2026-04-16T07:20:02Z] waiting for training_result
[2026-04-16T07:25:02Z] waiting for training_result
[2026-04-16T07:30:02Z] waiting for training_result
[2026-04-16T07:35:02Z] waiting for training_result
[2026-04-16T07:40:02Z] waiting for training_result
[2026-04-16T07:45:02Z] waiting for training_result
[2026-04-16T07:50:02Z] waiting for training_result
[2026-04-16T07:55:02Z] waiting for training_result
[2026-04-16T08:00:02Z] waiting for training_result
[2026-04-16T08:05:02Z] waiting for training_result
[2026-04-16T08:10:02Z] waiting for training_result
[2026-04-16T08:15:02Z] waiting for training_result
[2026-04-16T08:20:03Z] waiting for training_result
[2026-04-16T08:25:03Z] waiting for training_result
[2026-04-16T08:30:03Z] waiting for training_result
[2026-04-16T08:35:03Z] waiting for training_result
[2026-04-16T08:40:03Z] waiting for training_result
[2026-04-16T08:45:03Z] waiting for training_result
[2026-04-16T08:50:03Z] waiting for training_result
[2026-04-16T08:55:03Z] waiting for training_result
[2026-04-16T09:00:03Z] waiting for training_result
[2026-04-16T09:05:03Z] waiting for training_result
[2026-04-16T09:10:03Z] waiting for training_result
[2026-04-16T09:15:03Z] waiting for training_result
[2026-04-16T09:20:03Z] waiting for training_result
[2026-04-16T09:25:03Z] waiting for training_result
[2026-04-16T09:30:03Z] waiting for training_result
[2026-04-16T09:35:04Z] waiting for training_result
[2026-04-16T09:40:04Z] waiting for training_result
[2026-04-16T09:45:04Z] waiting for training_result
[2026-04-16T09:50:04Z] waiting for training_result
[2026-04-16T09:55:04Z] waiting for training_result
[2026-04-16T10:00:04Z] waiting for training_result
[2026-04-16T10:05:04Z] waiting for training_result
[2026-04-16T10:10:04Z] waiting for training_result
[2026-04-16T10:15:04Z] waiting for training_result
[2026-04-16T10:20:04Z] waiting for training_result
[2026-04-16T10:25:04Z] waiting for training_result
[2026-04-16T10:30:04Z] waiting for training_result
[2026-04-16T10:35:04Z] waiting for training_result
[2026-04-16T10:40:04Z] waiting for training_result
[2026-04-16T10:45:04Z] waiting for training_result
[2026-04-16T10:50:04Z] waiting for training_result
[2026-04-16T10:55:05Z] waiting for training_result
[2026-04-16T11:00:05Z] waiting for training_result
[2026-04-16T11:05:05Z] waiting for training_result
[2026-04-16T11:10:05Z] waiting for training_result
[2026-04-16T11:15:05Z] waiting for training_result
[2026-04-16T11:20:05Z] waiting for training_result
[2026-04-16T11:25:05Z] waiting for training_result
[2026-04-16T11:30:05Z] waiting for training_result
[2026-04-16T11:35:05Z] waiting for training_result
[2026-04-16T11:40:05Z] waiting for training_result
[2026-04-16T11:45:05Z] waiting for training_result
[2026-04-16T11:50:05Z] waiting for training_result
[2026-04-16T11:55:05Z] waiting for training_result
[2026-04-16T12:00:05Z] waiting for training_result
[2026-04-16T12:05:05Z] waiting for training_result
[2026-04-16T12:10:06Z] waiting for training_result
[2026-04-16T12:15:06Z] waiting for training_result
[2026-04-16T12:20:06Z] waiting for training_result
[2026-04-16T12:25:06Z] waiting for training_result
[2026-04-16T12:30:06Z] waiting for training_result
[2026-04-16T12:35:06Z] waiting for training_result
[2026-04-16T12:40:06Z] waiting for training_result
[2026-04-16T12:45:06Z] waiting for training_result
[2026-04-16T12:50:06Z] waiting for training_result
[2026-04-16T12:55:06Z] waiting for training_result
[2026-04-16T13:00:06Z] waiting for training_result
[2026-04-16T13:05:06Z] waiting for training_result
[2026-04-16T13:10:06Z] waiting for training_result
[2026-04-16T13:15:06Z] waiting for training_result
[2026-04-16T13:20:06Z] waiting for training_result
[2026-04-16T13:25:07Z] waiting for training_result
[2026-04-16T13:30:07Z] waiting for training_result
[2026-04-16T13:35:07Z] waiting for training_result
[2026-04-16T13:40:07Z] waiting for training_result
[2026-04-16T13:45:07Z] waiting for training_result
[2026-04-16T13:50:07Z] waiting for training_result
[2026-04-16T13:55:07Z] waiting for training_result
[2026-04-16T14:00:07Z] waiting for training_result
[2026-04-16T14:05:07Z] waiting for training_result
[2026-04-16T14:10:07Z] waiting for training_result
[2026-04-16T14:15:07Z] waiting for training_result
[2026-04-16T14:20:07Z] waiting for training_result
[2026-04-16T14:25:07Z] waiting for training_result
[2026-04-16T14:30:07Z] waiting for training_result
[2026-04-16T14:35:07Z] waiting for training_result
[2026-04-16T14:40:08Z] waiting for training_result
[2026-04-16T14:45:08Z] waiting for training_result
[2026-04-16T14:50:08Z] waiting for training_result
[2026-04-16T14:55:08Z] waiting for training_result
[2026-04-16T15:00:08Z] waiting for training_result
[2026-04-16T15:05:08Z] waiting for training_result
[2026-04-16T15:10:08Z] waiting for training_result
[2026-04-16T15:15:08Z] waiting for training_result
[2026-04-16T15:20:08Z] waiting for training_result
[2026-04-16T15:25:08Z] waiting for training_result
[2026-04-16T15:30:08Z] waiting for training_result
[2026-04-16T15:35:08Z] waiting for training_result
[2026-04-16T15:40:08Z] waiting for training_result
[2026-04-16T15:45:08Z] waiting for training_result
[2026-04-16T15:50:08Z] waiting for training_result
[2026-04-16T15:55:09Z] waiting for training_result
[2026-04-16T16:00:09Z] waiting for training_result
[2026-04-16T16:05:09Z] waiting for training_result
[2026-04-16T16:10:09Z] waiting for training_result
[2026-04-16T16:15:09Z] waiting for training_result
[2026-04-16T16:20:09Z] waiting for training_result
[2026-04-16T16:25:09Z] waiting for training_result
[2026-04-16T16:30:09Z] waiting for training_result
[2026-04-16T16:35:09Z] waiting for training_result
[2026-04-16T16:40:09Z] waiting for training_result
[2026-04-16T16:45:09Z] waiting for training_result
[2026-04-16T16:50:09Z] waiting for training_result
[2026-04-16T16:55:09Z] waiting for training_result
[2026-04-16T17:00:09Z] waiting for training_result
[2026-04-16T17:05:09Z] waiting for training_result
[2026-04-16T17:10:09Z] waiting for training_result
[2026-04-16T17:15:10Z] waiting for training_result
[2026-04-16T17:20:10Z] waiting for training_result
[2026-04-16T17:25:10Z] waiting for training_result
[2026-04-16T17:30:10Z] waiting for training_result
[2026-04-16T17:35:10Z] waiting for training_result
[2026-04-16T17:40:10Z] waiting for training_result
[2026-04-16T17:45:10Z] waiting for training_result
[2026-04-16T17:50:10Z] waiting for training_result
[2026-04-16T17:55:10Z] waiting for training_result
[2026-04-16T18:00:10Z] waiting for training_result
[2026-04-16T18:05:10Z] waiting for training_result
[2026-04-16T18:10:10Z] waiting for training_result
[2026-04-16T18:15:10Z] waiting for training_result
[2026-04-16T18:20:10Z] waiting for training_result
[2026-04-16T18:25:10Z] waiting for training_result
[2026-04-16T18:30:10Z] waiting for training_result
[2026-04-16T18:35:11Z] waiting for training_result
[2026-04-16T18:40:11Z] waiting for training_result
[2026-04-16T18:45:11Z] waiting for training_result
[2026-04-16T18:50:11Z] waiting for training_result
[2026-04-16T18:55:11Z] waiting for training_result
[2026-04-16T19:00:11Z] waiting for training_result
[2026-04-16T19:05:11Z] waiting for training_result
[2026-04-16T19:10:11Z] waiting for training_result
[2026-04-16T19:15:11Z] waiting for training_result
[2026-04-16T19:20:11Z] waiting for training_result
[2026-04-16T19:25:11Z] waiting for training_result
[2026-04-16T19:30:11Z] waiting for training_result
[2026-04-16T19:35:11Z] waiting for training_result
[2026-04-16T19:40:11Z] waiting for training_result
[2026-04-16T19:45:11Z] waiting for training_result
[2026-04-16T19:50:12Z] waiting for training_result
[2026-04-16T19:55:12Z] waiting for training_result
[2026-04-16T20:00:12Z] waiting for training_result
[2026-04-16T20:05:12Z] waiting for training_result
[2026-04-16T20:10:12Z] waiting for training_result
[2026-04-16T20:15:12Z] waiting for training_result
[2026-04-16T20:20:12Z] waiting for training_result
[2026-04-16T20:25:12Z] waiting for training_result
[2026-04-16T20:30:12Z] waiting for training_result
[2026-04-16T20:35:12Z] waiting for training_result
[2026-04-16T20:40:12Z] waiting for training_result
[2026-04-16T20:45:12Z] waiting for training_result
[2026-04-16T20:50:12Z] waiting for training_result
[2026-04-16T20:55:12Z] waiting for training_result
[2026-04-16T21:00:12Z] waiting for training_result
[2026-04-16T21:05:12Z] waiting for training_result
[2026-04-16T21:10:13Z] waiting for training_result
[2026-04-16T21:15:13Z] waiting for training_result
[2026-04-16T21:20:13Z] waiting for training_result
[2026-04-16T21:25:13Z] waiting for training_result
[2026-04-16T21:30:13Z] waiting for training_result
[2026-04-16T21:35:13Z] waiting for training_result
[2026-04-16T21:40:13Z] waiting for training_result
[2026-04-16T21:45:13Z] waiting for training_result
[2026-04-16T21:50:13Z] waiting for training_result
[2026-04-16T21:55:13Z] waiting for training_result
[2026-04-16T22:00:13Z] waiting for training_result
[2026-04-16T22:05:13Z] waiting for training_result
[2026-04-16T22:10:13Z] waiting for training_result
[2026-04-16T22:15:13Z] waiting for training_result
[2026-04-16T22:20:13Z] waiting for training_result
[2026-04-16T22:25:13Z] waiting for training_result
[2026-04-16T22:30:13Z] waiting for training_result
[2026-04-16T22:35:14Z] waiting for training_result
[2026-04-16T22:40:14Z] waiting for training_result
[2026-04-16T22:45:14Z] waiting for training_result
[2026-04-16T22:50:14Z] waiting for training_result
[2026-04-16T22:55:14Z] waiting for training_result
[2026-04-16T23:00:14Z] waiting for training_result
[2026-04-16T23:05:14Z] waiting for training_result
[2026-04-16T23:10:14Z] waiting for training_result
[2026-04-16T23:15:14Z] waiting for training_result
[2026-04-16T23:20:14Z] waiting for training_result
[2026-04-16T23:25:14Z] waiting for training_result
[2026-04-16T23:30:14Z] waiting for training_result
[2026-04-16T23:35:14Z] waiting for training_result
[2026-04-16T23:40:14Z] waiting for training_result
[2026-04-16T23:45:14Z] waiting for training_result
[2026-04-16T23:50:14Z] waiting for training_result
[2026-04-16T23:55:15Z] waiting for training_result
[2026-04-17T00:00:15Z] waiting for training_result
[2026-04-17T00:05:15Z] waiting for training_result
[2026-04-17T00:10:15Z] waiting for training_result
[2026-04-17T00:15:15Z] waiting for training_result
[2026-04-17T00:20:15Z] waiting for training_result
[2026-04-17T00:25:15Z] waiting for training_result
[2026-04-17T00:30:15Z] waiting for training_result
[2026-04-17T00:35:15Z] waiting for training_result
[2026-04-17T00:40:15Z] waiting for training_result
[2026-04-17T00:45:15Z] waiting for training_result
[2026-04-17T00:50:15Z] waiting for training_result
[2026-04-17T00:55:15Z] waiting for training_result
[2026-04-17T01:00:15Z] waiting for training_result
[2026-04-17T01:05:15Z] training_result detected; launching smoke eval
mx.metal.device_info is deprecated and will be removed in a future version. Use mx.device_info instead.
Adapter validation progress: 1/8
Adapter validation progress: 2/8
Adapter validation progress: 3/8
Adapter validation progress: 4/8
Adapter validation progress: 5/8
Adapter validation progress: 6/8
Adapter validation progress: 7/8
Adapter validation progress: 8/8
{
  "created_at": "2026-04-17T01:19:19.777682+00:00",
  "evaluation_kind": "adapter_validation",
  "evaluation_name": "adapter_validation_stratified_category_8_of_950",
  "benchmark_csv": "/Users/mac-studio/work/NVIDIA Nemotron Model Reasoning Challenge/data/train.csv",
  "notebook_reference": "A-Open-ProgressPrizePublication/adapter-validation-notebook.ipynb",
  "model_root": "/Users/mac-studio/work/NVIDIA Nemotron Model Reasoning Challenge/v20_mlx_repro_v1/outputs/v20_mlx_repro_v1_fullrun_targetfix_mb1_nobc/shadow_model",
  "adapter_dir": "/Users/mac-studio/work/NVIDIA Nemotron Model Reasoning Challenge/v20_mlx_repro_v1/outputs/v20_mlx_repro_v1_fullrun_targetfix_mb1_nobc/adapter",
  "readme_contract": {
    "max_lora_rank": 32,
    "max_tokens": 7680,
    "top_p": 1.0,
    "temperature": 0.0,
    "max_num_seqs": 64,
    "gpu_memory_utilization": 0.85,
    "max_model_len": 8192
  },
  "source_documents": [
    "README.md",
    "A-Open-ProgressPrizePublication/README.md",
    "A-Open-ProgressPrizePublication/データ戦略を理解する.md",
    "A-Open-ProgressPrizePublication/学習SFTパイプライン.md",
    "A-Open-ProgressPrizePublication/adapter-validation-notebook.ipynb"
  ],
  "validation_sample_size": 950,
  "sample_selection": {
    "mode": "stratified-category-proportional",
    "selection_tag": "stratified_category_8_of_950",
    "source_total": 950,
    "selected_total": 8,
    "source_counts": {
      "bit_manipulation": 169,
      "cipher": 162,
      "numeral": 149,
      "unit_conversion": 171,
      "gravity": 159,
      "cryptarithm_deduce": 71,
      "equation_numeric_deduce": 48,
      "cryptarithm_guess": 14,
      "equation_numeric_guess": 7
    },
    "selected_counts": {
      "bit_manipulation": 2,
      "cipher": 1,
      "numeral": 1,
      "unit_conversion": 2,
      "gravity": 1,
      "cryptarithm_deduce": 1,
      "equation_numeric_deduce": 0,
      "cryptarithm_guess": 0,
      "equation_numeric_guess": 0
    }
  },
  "rows_total_global": 8,
  "row_start": 0,
  "row_end": 8,
  "eval_shards": 1,
  "eval_shard_index": 0,
  "evaluation_settings": {
    "max_tokens": 7680,
    "temperature": 0.0,
    "top_p": 1.0,
    "max_num_seqs": 4,
    "prompt_chunk_size": 4,
    "prefill_batch_size": 4,
    "completion_batch_size": 4,
    "eval_enable_thinking": true,
    "lazy_load": true,
    "force_single_generate": false,
    "eval_shards": 1,
    "eval_shard_index": 0,
    "validation_subset_size": 8,
    "validation_subset_mode": "stratified-category-proportional"
  },
  "prompt_policy": {
    "append_boxed_instruction": false,
    "enable_thinking": true
  },
  "notebook_reference_score": null,
  "overall": {
    "correct": 6,
    "total": 8,
    "accuracy": 0.75
  },
  "categories": [
    {
      "category": "bit_manipulation",
      "correct": 1,
      "total": 2,
      "accuracy": 0.5,
      "weightage": "25.0%",
      "percentage": "50.0%",
      "contribution": "12.5%"
    },
    {
      "category": "cipher",
      "correct": 1,
      "total": 1,
      "accuracy": 1.0,
      "weightage": "12.5%",
      "percentage": "100.0%",
      "contribution": "12.5%"
    },
    {
      "category": "cryptarithm_deduce",
      "correct": 0,
      "total": 1,
      "accuracy": 0.0,
      "weightage": "12.5%",
      "percentage": "0.0%",
      "contribution": "0.0%"
    },
    {
      "category": "gravity",
      "correct": 1,
      "total": 1,
      "accuracy": 1.0,
      "weightage": "12.5%",
      "percentage": "100.0%",
      "contribution": "12.5%"
    },
    {
      "category": "numeral",
      "correct": 1,
      "total": 1,
      "accuracy": 1.0,
      "weightage": "12.5%",
      "percentage": "100.0%",
      "contribution": "12.5%"
    },
    {
      "category": "unit_conversion",
      "correct": 2,
      "total": 2,
      "accuracy": 1.0,
      "weightage": "25.0%",
      "percentage": "100.0%",
      "contribution": "25.0%"
    }
  ]
}
