[2026-04-16T07:08:14Z] step64 watcher start
[2026-04-16T07:08:14Z] count=33
[2026-04-16T07:28:14Z] count=37
[2026-04-16T07:48:14Z] count=41
[2026-04-16T08:08:14Z] count=44
[2026-04-16T08:28:14Z] count=48
[2026-04-16T08:48:14Z] count=52
[2026-04-16T09:08:14Z] count=56
[2026-04-16T09:28:14Z] count=60
[2026-04-16T09:48:14Z] count=64
{
  "count": 64,
  "last": {
    "observed_at": "2026-04-16T09:45:21.109024+00:00",
    "step": 64,
    "step_zero_indexed": 63,
    "v20_snapshot_step": 63,
    "examples_in_step": 32,
    "microbatches_in_step": 32,
    "train_loss": 0.0012180586039128197,
    "step_tokens": 114937,
    "trained_tokens": 6997821,
    "lr": 0.00014857142857142857,
    "elapsed_seconds": 305.4038,
    "total_elapsed_seconds": 19630.8236,
    "peak_memory_gb": 221.9409
  },
  "last8": [
    {
      "observed_at": "2026-04-16T09:09:44.051904+00:00",
      "step": 57,
      "step_zero_indexed": 56,
      "v20_snapshot_step": 56,
      "examples_in_step": 32,
      "microbatches_in_step": 32,
      "train_loss": 0.0020153228926630307,
      "step_tokens": 120049,
      "trained_tokens": 6250367,
      "lr": 0.0001542857142857143,
      "elapsed_seconds": 305.2856,
      "total_elapsed_seconds": 17493.766,
      "peak_memory_gb": 221.9409
    },
    {
      "observed_at": "2026-04-16T09:14:49.385028+00:00",
      "step": 58,
      "step_zero_indexed": 57,
      "v20_snapshot_step": 57,
      "examples_in_step": 32,
      "microbatches_in_step": 32,
      "train_loss": 0.0013345783827017723,
      "step_tokens": 96449,
      "trained_tokens": 6346816,
      "lr": 0.00015346938775510205,
      "elapsed_seconds": 305.3319,
      "total_elapsed_seconds": 17799.0987,
      "peak_memory_gb": 221.9409
    },
    {
      "observed_at": "2026-04-16T09:19:54.533412+00:00",
      "step": 59,
      "step_zero_indexed": 58,
      "v20_snapshot_step": 58,
      "examples_in_step": 32,
      "microbatches_in_step": 32,
      "train_loss": 0.0009437139885076577,
      "step_tokens": 118382,
      "trained_tokens": 6465198,
      "lr": 0.00015265306122448982,
      "elapsed_seconds": 305.1467,
      "total_elapsed_seconds": 18104.2466,
      "peak_memory_gb": 221.9409
    },
    {
      "observed_at": "2026-04-16T09:24:59.790446+00:00",
      "step": 60,
      "step_zero_indexed": 59,
      "v20_snapshot_step": 59,
      "examples_in_step": 32,
      "microbatches_in_step": 32,
      "train_loss": 0.0012602556133464427,
      "step_tokens": 102261,
      "trained_tokens": 6567459,
      "lr": 0.00015183673469387757,
      "elapsed_seconds": 305.2549,
      "total_elapsed_seconds": 18409.5031,
      "peak_memory_gb": 221.9409
    },
    {
      "observed_at": "2026-04-16T09:30:04.921912+00:00",
      "step": 61,
      "step_zero_indexed": 60,
      "v20_snapshot_step": 60,
      "examples_in_step": 32,
      "microbatches_in_step": 32,
      "train_loss": 0.0013429232122655252,
      "step_tokens": 104320,
      "trained_tokens": 6671779,
      "lr": 0.0001510204081632653,
      "elapsed_seconds": 305.13,
      "total_elapsed_seconds": 18714.6341,
      "peak_memory_gb": 221.9409
    },
    {
      "observed_at": "2026-04-16T09:35:10.206988+00:00",
      "step": 62,
      "step_zero_indexed": 61,
      "v20_snapshot_step": 61,
      "examples_in_step": 32,
      "microbatches_in_step": 32,
      "train_loss": 0.0011075097354969088,
      "step_tokens": 98419,
      "trained_tokens": 6770198,
      "lr": 0.00015020408163265306,
      "elapsed_seconds": 305.2839,
      "total_elapsed_seconds": 19019.9187,
      "peak_memory_gb": 221.9409
    },
    {
      "observed_at": "2026-04-16T09:40:15.707542+00:00",
      "step": 63,
      "step_zero_indexed": 62,
      "v20_snapshot_step": 62,
      "examples_in_step": 32,
      "microbatches_in_step": 32,
      "train_loss": 0.0016048466528618306,
      "step_tokens": 112686,
      "trained_tokens": 6882884,
      "lr": 0.00014938775510204083,
      "elapsed_seconds": 305.4996,
      "total_elapsed_seconds": 19325.4187,
      "peak_memory_gb": 221.9409
    },
    {
      "observed_at": "2026-04-16T09:45:21.109024+00:00",
      "step": 64,
      "step_zero_indexed": 63,
      "v20_snapshot_step": 63,
      "examples_in_step": 32,
      "microbatches_in_step": 32,
      "train_loss": 0.0012180586039128197,
      "step_tokens": 114937,
      "trained_tokens": 6997821,
      "lr": 0.00014857142857142857,
      "elapsed_seconds": 305.4038,
      "total_elapsed_seconds": 19630.8236,
      "peak_memory_gb": 221.9409
    }
  ]
}
