[2026-04-16T06:03:59Z] step32 watcher start
[2026-04-16T06:03:59Z] count=20
[2026-04-16T06:13:59Z] count=22
[2026-04-16T06:23:59Z] count=24
[2026-04-16T06:33:59Z] count=26
[2026-04-16T06:44:00Z] count=28
[2026-04-16T06:54:00Z] count=30
[2026-04-16T07:04:00Z] count=32
{
  "count": 32,
  "last": {
    "observed_at": "2026-04-16T07:02:25.933514+00:00",
    "step": 32,
    "step_zero_indexed": 31,
    "v20_snapshot_step": 31,
    "examples_in_step": 32,
    "microbatches_in_step": 32,
    "train_loss": 0.002505089915434086,
    "step_tokens": 106583,
    "trained_tokens": 3471670,
    "lr": 0.00017469387755102042,
    "elapsed_seconds": 304.777,
    "total_elapsed_seconds": 9855.66,
    "peak_memory_gb": 221.9409
  },
  "last4": [
    {
      "observed_at": "2026-04-16T06:47:11.380450+00:00",
      "step": 29,
      "step_zero_indexed": 28,
      "v20_snapshot_step": 28,
      "examples_in_step": 32,
      "microbatches_in_step": 32,
      "train_loss": 0.0023973077191630334,
      "step_tokens": 101103,
      "trained_tokens": 3150135,
      "lr": 0.00017714285714285713,
      "elapsed_seconds": 304.8791,
      "total_elapsed_seconds": 8941.1084,
      "peak_memory_gb": 221.9409
    },
    {
      "observed_at": "2026-04-16T06:52:16.427063+00:00",
      "step": 30,
      "step_zero_indexed": 29,
      "v20_snapshot_step": 29,
      "examples_in_step": 32,
      "microbatches_in_step": 32,
      "train_loss": 0.0017355014760059182,
      "step_tokens": 111063,
      "trained_tokens": 3261198,
      "lr": 0.0001763265306122449,
      "elapsed_seconds": 305.0456,
      "total_elapsed_seconds": 9246.1545,
      "peak_memory_gb": 221.9409
    },
    {
      "observed_at": "2026-04-16T06:57:21.155555+00:00",
      "step": 31,
      "step_zero_indexed": 30,
      "v20_snapshot_step": 30,
      "examples_in_step": 32,
      "microbatches_in_step": 32,
      "train_loss": 0.0016171105409984944,
      "step_tokens": 103889,
      "trained_tokens": 3365087,
      "lr": 0.00017551020408163265,
      "elapsed_seconds": 304.7275,
      "total_elapsed_seconds": 9550.8825,
      "peak_memory_gb": 221.9409
    },
    {
      "observed_at": "2026-04-16T07:02:25.933514+00:00",
      "step": 32,
      "step_zero_indexed": 31,
      "v20_snapshot_step": 31,
      "examples_in_step": 32,
      "microbatches_in_step": 32,
      "train_loss": 0.002505089915434086,
      "step_tokens": 106583,
      "trained_tokens": 3471670,
      "lr": 0.00017469387755102042,
      "elapsed_seconds": 304.777,
      "total_elapsed_seconds": 9855.66,
      "peak_memory_gb": 221.9409
    }
  ]
}
