[2026-04-16T05:06:50Z] step16 watcher start
[2026-04-16T05:06:50Z] count=9
[2026-04-16T05:11:50Z] count=10
[2026-04-16T05:16:50Z] count=11
[2026-04-16T05:21:50Z] count=12
[2026-04-16T05:26:50Z] count=13
[2026-04-16T05:31:50Z] count=14
[2026-04-16T05:36:50Z] count=15
[2026-04-16T05:41:50Z] count=16
{
  "count": 16,
  "last": {
    "observed_at": "2026-04-16T05:41:08.018145+00:00",
    "step": 16,
    "step_zero_indexed": 15,
    "v20_snapshot_step": 15,
    "examples_in_step": 32,
    "microbatches_in_step": 32,
    "train_loss": 0.011274035962362598,
    "step_tokens": 100319,
    "trained_tokens": 1764993,
    "lr": 0.00018775510204081634,
    "elapsed_seconds": 304.9106,
    "total_elapsed_seconds": 4977.7345,
    "peak_memory_gb": 221.9409
  },
  "last4": [
    {
      "observed_at": "2026-04-16T05:25:41.572163+00:00",
      "step": 13,
      "step_zero_indexed": 12,
      "v20_snapshot_step": 12,
      "examples_in_step": 32,
      "microbatches_in_step": 32,
      "train_loss": 0.022963491245814385,
      "step_tokens": 110741,
      "trained_tokens": 1446785,
      "lr": 0.00019020408163265305,
      "elapsed_seconds": 312.4527,
      "total_elapsed_seconds": 4051.2902,
      "peak_memory_gb": 221.9409
    },
    {
      "observed_at": "2026-04-16T05:30:55.912745+00:00",
      "step": 14,
      "step_zero_indexed": 13,
      "v20_snapshot_step": 13,
      "examples_in_step": 32,
      "microbatches_in_step": 32,
      "train_loss": 0.008744985426299855,
      "step_tokens": 83505,
      "trained_tokens": 1530290,
      "lr": 0.00018938775510204083,
      "elapsed_seconds": 314.3395,
      "total_elapsed_seconds": 4365.6302,
      "peak_memory_gb": 221.9409
    },
    {
      "observed_at": "2026-04-16T05:36:03.106553+00:00",
      "step": 15,
      "step_zero_indexed": 14,
      "v20_snapshot_step": 14,
      "examples_in_step": 32,
      "microbatches_in_step": 32,
      "train_loss": 0.017882988368416987,
      "step_tokens": 134384,
      "trained_tokens": 1664674,
      "lr": 0.00018857142857142857,
      "elapsed_seconds": 307.1928,
      "total_elapsed_seconds": 4672.8235,
      "peak_memory_gb": 221.9409
    },
    {
      "observed_at": "2026-04-16T05:41:08.018145+00:00",
      "step": 16,
      "step_zero_indexed": 15,
      "v20_snapshot_step": 15,
      "examples_in_step": 32,
      "microbatches_in_step": 32,
      "train_loss": 0.011274035962362598,
      "step_tokens": 100319,
      "trained_tokens": 1764993,
      "lr": 0.00018775510204081634,
      "elapsed_seconds": 304.9106,
      "total_elapsed_seconds": 4977.7345,
      "peak_memory_gb": 221.9409
    }
  ]
}
