[info] overriding v20 micro_batch_size=16 with MLX micro_batch_size=1
Loading pretrained model
Configuring LoRA layers
Matched target modules:
  q_proj       6
  k_proj       6
  v_proj       6
  o_proj       6
  in_proj      23
  out_proj     23
  up_proj      2967
  down_proj    2967
  lm_head      1
trainable params: 888,154,112 || all params: 32,466,094,400 || trainable%: 2.7356
Trainable parameters: 2.813% (888.154M/31577.936M)
optimizer_kind: adam
Step 1/245: loss=0.383533 lr=0.00020000 tokens=104262 elapsed=310.47s
Step 2/245: loss=0.355326 lr=0.00019918 tokens=91684 elapsed=309.57s
Step 3/245: loss=0.258456 lr=0.00019837 tokens=136479 elapsed=310.89s
Step 4/245: loss=0.163423 lr=0.00019755 tokens=127862 elapsed=312.08s
Step 5/245: loss=0.162781 lr=0.00019673 tokens=101421 elapsed=312.21s
Step 6/245: loss=0.089011 lr=0.00019592 tokens=96648 elapsed=311.65s
Step 7/245: loss=0.082116 lr=0.00019510 tokens=105418 elapsed=311.75s
Step 8/245: loss=0.053193 lr=0.00019429 tokens=93000 elapsed=311.75s
Step 9/245: loss=0.048418 lr=0.00019347 tokens=119243 elapsed=311.80s
Step 10/245: loss=0.031353 lr=0.00019265 tokens=105743 elapsed=312.04s
Step 11/245: loss=0.038596 lr=0.00019184 tokens=130193 elapsed=312.12s
Step 12/245: loss=0.028369 lr=0.00019102 tokens=124091 elapsed=312.51s
Step 13/245: loss=0.022963 lr=0.00019020 tokens=110741 elapsed=312.45s
Step 14/245: loss=0.008745 lr=0.00018939 tokens=83505 elapsed=314.34s
Step 15/245: loss=0.017883 lr=0.00018857 tokens=134384 elapsed=307.19s
Step 16/245: loss=0.011274 lr=0.00018776 tokens=100319 elapsed=304.91s
Step 17/245: loss=0.008417 lr=0.00018694 tokens=112170 elapsed=305.03s
Step 18/245: loss=0.010037 lr=0.00018612 tokens=129203 elapsed=304.90s
Step 19/245: loss=0.006644 lr=0.00018531 tokens=98068 elapsed=304.86s
Step 20/245: loss=0.006849 lr=0.00018449 tokens=98643 elapsed=304.63s
Step 21/245: loss=0.005911 lr=0.00018367 tokens=82870 elapsed=304.73s
Step 22/245: loss=0.006068 lr=0.00018286 tokens=119289 elapsed=304.85s
Step 23/245: loss=0.004699 lr=0.00018204 tokens=108086 elapsed=304.71s
Step 24/245: loss=0.005173 lr=0.00018122 tokens=93404 elapsed=304.73s
Step 25/245: loss=0.004336 lr=0.00018041 tokens=107238 elapsed=304.89s
Step 26/245: loss=0.002950 lr=0.00017959 tokens=110758 elapsed=305.35s
Step 27/245: loss=0.004263 lr=0.00017878 tokens=105763 elapsed=305.30s
Step 28/245: loss=0.003212 lr=0.00017796 tokens=118547 elapsed=304.50s
Step 29/245: loss=0.002397 lr=0.00017714 tokens=101103 elapsed=304.88s
Step 30/245: loss=0.001736 lr=0.00017633 tokens=111063 elapsed=305.05s
Step 31/245: loss=0.001617 lr=0.00017551 tokens=103889 elapsed=304.73s
Step 32/245: loss=0.002505 lr=0.00017469 tokens=106583 elapsed=304.78s
Step 33/245: loss=0.001863 lr=0.00017388 tokens=134286 elapsed=304.84s
Step 34/245: loss=0.001696 lr=0.00017306 tokens=112152 elapsed=304.75s
Step 35/245: loss=0.002078 lr=0.00017224 tokens=103441 elapsed=305.00s
Step 36/245: loss=0.002728 lr=0.00017143 tokens=115820 elapsed=305.62s
Step 37/245: loss=0.002258 lr=0.00017061 tokens=98583 elapsed=305.32s
Step 38/245: loss=0.001479 lr=0.00016980 tokens=109427 elapsed=305.01s
Step 39/245: loss=0.001464 lr=0.00016898 tokens=118738 elapsed=305.19s
Step 40/245: loss=0.001020 lr=0.00016816 tokens=113085 elapsed=305.32s
Step 41/245: loss=0.001699 lr=0.00016735 tokens=128389 elapsed=305.57s
Step 42/245: loss=0.001628 lr=0.00016653 tokens=121030 elapsed=305.95s
Step 43/245: loss=0.001205 lr=0.00016571 tokens=115650 elapsed=305.48s
Step 44/245: loss=0.001929 lr=0.00016490 tokens=125581 elapsed=305.45s
Step 45/245: loss=0.001416 lr=0.00016408 tokens=113088 elapsed=305.17s
Step 46/245: loss=0.002612 lr=0.00016327 tokens=109491 elapsed=305.23s
Step 47/245: loss=0.002600 lr=0.00016245 tokens=91494 elapsed=305.73s
Step 48/245: loss=0.001428 lr=0.00016163 tokens=111863 elapsed=306.18s
Step 49/245: loss=0.002296 lr=0.00016082 tokens=83913 elapsed=305.69s
Step 50/245: loss=0.003613 lr=0.00016000 tokens=107415 elapsed=305.44s
Step 51/245: loss=0.001386 lr=0.00015918 tokens=110439 elapsed=305.22s
Step 52/245: loss=0.002220 lr=0.00015837 tokens=122676 elapsed=307.89s
Step 53/245: loss=0.001463 lr=0.00015755 tokens=100086 elapsed=305.56s
Step 54/245: loss=0.001711 lr=0.00015673 tokens=112645 elapsed=305.88s
Step 55/245: loss=0.001237 lr=0.00015592 tokens=117042 elapsed=305.77s
Step 56/245: loss=0.002591 lr=0.00015510 tokens=82314 elapsed=305.55s
Step 57/245: loss=0.002015 lr=0.00015429 tokens=120049 elapsed=305.29s
Step 58/245: loss=0.001335 lr=0.00015347 tokens=96449 elapsed=305.33s
Step 59/245: loss=0.000944 lr=0.00015265 tokens=118382 elapsed=305.15s
Step 60/245: loss=0.001260 lr=0.00015184 tokens=102261 elapsed=305.25s
Step 61/245: loss=0.001343 lr=0.00015102 tokens=104320 elapsed=305.13s
Step 62/245: loss=0.001108 lr=0.00015020 tokens=98419 elapsed=305.28s
Step 63/245: loss=0.001605 lr=0.00014939 tokens=112686 elapsed=305.50s
Step 64/245: loss=0.001218 lr=0.00014857 tokens=114937 elapsed=305.40s
Step 65/245: loss=0.001011 lr=0.00014776 tokens=106798 elapsed=305.71s
Step 66/245: loss=0.000677 lr=0.00014694 tokens=98316 elapsed=305.41s
Step 67/245: loss=0.001392 lr=0.00014612 tokens=95970 elapsed=305.39s
Step 68/245: loss=0.000862 lr=0.00014531 tokens=120516 elapsed=305.09s
Step 69/245: loss=0.000931 lr=0.00014449 tokens=104026 elapsed=305.29s
Step 70/245: loss=0.001046 lr=0.00014367 tokens=85922 elapsed=305.87s
Step 71/245: loss=0.001241 lr=0.00014286 tokens=109585 elapsed=305.32s
Step 72/245: loss=0.000780 lr=0.00014204 tokens=114223 elapsed=305.26s
Step 73/245: loss=0.000993 lr=0.00014122 tokens=103654 elapsed=305.14s
Step 74/245: loss=0.001553 lr=0.00014041 tokens=105690 elapsed=305.36s
Step 75/245: loss=0.001030 lr=0.00013959 tokens=89677 elapsed=305.63s
Step 76/245: loss=0.001053 lr=0.00013878 tokens=103649 elapsed=305.56s
Step 77/245: loss=0.001418 lr=0.00013796 tokens=103898 elapsed=305.13s
Step 78/245: loss=0.001056 lr=0.00013714 tokens=121139 elapsed=305.63s
Step 79/245: loss=0.001140 lr=0.00013633 tokens=119821 elapsed=305.26s
Step 80/245: loss=0.000795 lr=0.00013551 tokens=123551 elapsed=305.66s
Step 81/245: loss=0.001433 lr=0.00013469 tokens=97530 elapsed=305.26s
Step 82/245: loss=0.000874 lr=0.00013388 tokens=116404 elapsed=305.72s
Step 83/245: loss=0.001089 lr=0.00013306 tokens=127106 elapsed=305.50s
Step 84/245: loss=0.001019 lr=0.00013224 tokens=105793 elapsed=305.30s
Step 85/245: loss=0.001529 lr=0.00013143 tokens=98913 elapsed=305.56s
Step 86/245: loss=0.001162 lr=0.00013061 tokens=97085 elapsed=305.38s
Step 87/245: loss=0.001689 lr=0.00012980 tokens=109202 elapsed=305.37s
Step 88/245: loss=0.001536 lr=0.00012898 tokens=82453 elapsed=305.32s
Step 89/245: loss=0.000740 lr=0.00012816 tokens=125649 elapsed=305.55s
Step 90/245: loss=0.001091 lr=0.00012735 tokens=120845 elapsed=305.63s
Step 91/245: loss=0.001207 lr=0.00012653 tokens=111364 elapsed=305.39s
Step 92/245: loss=0.000815 lr=0.00012571 tokens=114466 elapsed=305.60s
Step 93/245: loss=0.000849 lr=0.00012490 tokens=110563 elapsed=305.47s
Step 94/245: loss=0.000931 lr=0.00012408 tokens=114460 elapsed=305.52s
Step 95/245: loss=0.000449 lr=0.00012327 tokens=96131 elapsed=305.18s
Step 96/245: loss=0.001205 lr=0.00012245 tokens=106604 elapsed=305.37s
Step 97/245: loss=0.000636 lr=0.00012163 tokens=124395 elapsed=305.65s
Step 98/245: loss=0.000869 lr=0.00012082 tokens=102762 elapsed=305.57s
Step 99/245: loss=0.000652 lr=0.00012000 tokens=95466 elapsed=305.19s
Step 100/245: loss=0.001507 lr=0.00011918 tokens=84008 elapsed=305.33s
Step 101/245: loss=0.001020 lr=0.00011837 tokens=105432 elapsed=305.30s
Step 102/245: loss=0.000621 lr=0.00011755 tokens=121518 elapsed=305.32s
Step 103/245: loss=0.000589 lr=0.00011673 tokens=117355 elapsed=305.23s
Step 104/245: loss=0.000648 lr=0.00011592 tokens=131243 elapsed=305.25s
Step 105/245: loss=0.000998 lr=0.00011510 tokens=116911 elapsed=305.46s
Step 106/245: loss=0.001148 lr=0.00011429 tokens=111133 elapsed=305.32s
Step 107/245: loss=0.000606 lr=0.00011347 tokens=96340 elapsed=305.28s
Step 108/245: loss=0.000469 lr=0.00011265 tokens=103811 elapsed=305.32s
Step 109/245: loss=0.002306 lr=0.00011184 tokens=87756 elapsed=305.52s
Step 110/245: loss=0.001197 lr=0.00011102 tokens=123598 elapsed=305.60s