[2026-04-16T04:19:59Z] watcher start
[2026-04-16T04:19:59Z] process alive
[2026-04-16T04:19:59Z] no train_report yet
[2026-04-16T04:24:59Z] process alive
[2026-04-16T04:24:59Z] latest_train_report
{"step": 1, "train_loss": 0.3835325885531003, "lr": 0.0002, "trained_tokens": 104262, "elapsed_seconds": 310.4716, "peak_memory_gb": 214.8353}
[2026-04-16T04:29:59Z] process alive
[2026-04-16T04:29:59Z] latest_train_report
{"step": 2, "train_loss": 0.3553264494481507, "lr": 0.00019918367346938775, "trained_tokens": 195946, "elapsed_seconds": 309.5738, "peak_memory_gb": 221.9409}
[2026-04-16T04:34:59Z] process alive
[2026-04-16T04:34:59Z] latest_train_report
{"step": 3, "train_loss": 0.2584564291858825, "lr": 0.00019836734693877553, "trained_tokens": 332425, "elapsed_seconds": 310.8862, "peak_memory_gb": 221.9409}
[2026-04-16T04:39:59Z] process alive
[2026-04-16T04:39:59Z] latest_train_report
{"step": 4, "train_loss": 0.16342326138546515, "lr": 0.00019755102040816327, "trained_tokens": 460287, "elapsed_seconds": 312.0779, "peak_memory_gb": 221.9409}
[2026-04-16T04:44:59Z] process alive
[2026-04-16T04:44:59Z] latest_train_report
{"step": 5, "train_loss": 0.16278063733003292, "lr": 0.00019673469387755104, "trained_tokens": 561708, "elapsed_seconds": 312.2112, "peak_memory_gb": 221.9409}
[2026-04-16T04:49:59Z] process alive
[2026-04-16T04:49:59Z] latest_train_report
{"step": 6, "train_loss": 0.08901050703594073, "lr": 0.0001959183673469388, "trained_tokens": 658356, "elapsed_seconds": 311.6452, "peak_memory_gb": 221.9409}
[2026-04-16T04:55:00Z] process alive
[2026-04-16T04:55:00Z] latest_train_report
{"step": 7, "train_loss": 0.08211595576913941, "lr": 0.00019510204081632656, "trained_tokens": 763774, "elapsed_seconds": 311.7486, "peak_memory_gb": 221.9409}
[2026-04-16T05:00:00Z] process alive
[2026-04-16T05:00:00Z] latest_train_report
{"step": 8, "train_loss": 0.05319287599338549, "lr": 0.0001942857142857143, "trained_tokens": 856774, "elapsed_seconds": 311.7494, "peak_memory_gb": 221.9409}
[2026-04-16T05:05:00Z] process alive
[2026-04-16T05:05:00Z] latest_train_report
{"step": 9, "train_loss": 0.0484179373020636, "lr": 0.00019346938775510205, "trained_tokens": 976017, "elapsed_seconds": 311.8014, "peak_memory_gb": 221.9409}
[2026-04-16T05:10:00Z] process alive
[2026-04-16T05:10:00Z] latest_train_report
{"step": 9, "train_loss": 0.0484179373020636, "lr": 0.00019346938775510205, "trained_tokens": 976017, "elapsed_seconds": 311.8014, "peak_memory_gb": 221.9409}
[2026-04-16T05:15:00Z] process alive
[2026-04-16T05:15:00Z] latest_train_report
{"step": 10, "train_loss": 0.03135313969915368, "lr": 0.0001926530612244898, "trained_tokens": 1081760, "elapsed_seconds": 312.0397, "peak_memory_gb": 221.9409}
[2026-04-16T05:20:00Z] process alive
[2026-04-16T05:20:00Z] latest_train_report
{"step": 11, "train_loss": 0.03859606568660104, "lr": 0.00019183673469387756, "trained_tokens": 1211953, "elapsed_seconds": 312.116, "peak_memory_gb": 221.9409}
[2026-04-16T05:25:00Z] process alive
[2026-04-16T05:25:00Z] latest_train_report
{"step": 12, "train_loss": 0.028369301477573154, "lr": 0.0001910204081632653, "trained_tokens": 1336044, "elapsed_seconds": 312.5103, "peak_memory_gb": 221.9409}
[2026-04-16T05:30:00Z] process alive
[2026-04-16T05:30:00Z] latest_train_report
{"step": 13, "train_loss": 0.022963491245814385, "lr": 0.00019020408163265305, "trained_tokens": 1446785, "elapsed_seconds": 312.4527, "peak_memory_gb": 221.9409}
[2026-04-16T05:35:00Z] process alive
[2026-04-16T05:35:00Z] latest_train_report
{"step": 14, "train_loss": 0.008744985426299855, "lr": 0.00018938775510204083, "trained_tokens": 1530290, "elapsed_seconds": 314.3395, "peak_memory_gb": 221.9409}
[2026-04-16T05:40:00Z] process alive
[2026-04-16T05:40:00Z] latest_train_report
{"step": 15, "train_loss": 0.017882988368416987, "lr": 0.00018857142857142857, "trained_tokens": 1664674, "elapsed_seconds": 307.1928, "peak_memory_gb": 221.9409}
[2026-04-16T05:45:01Z] process alive
[2026-04-16T05:45:01Z] latest_train_report
{"step": 16, "train_loss": 0.011274035962362598, "lr": 0.00018775510204081634, "trained_tokens": 1764993, "elapsed_seconds": 304.9106, "peak_memory_gb": 221.9409}
[2026-04-16T05:50:01Z] process alive
[2026-04-16T05:50:01Z] latest_train_report
{"step": 17, "train_loss": 0.008416911824938289, "lr": 0.0001869387755102041, "trained_tokens": 1877163, "elapsed_seconds": 305.0291, "peak_memory_gb": 221.9409}
[2026-04-16T05:55:01Z] process alive
[2026-04-16T05:55:01Z] latest_train_report
{"step": 18, "train_loss": 0.010037015559972507, "lr": 0.00018612244897959186, "trained_tokens": 2006366, "elapsed_seconds": 304.9049, "peak_memory_gb": 221.9409}
[2026-04-16T06:00:01Z] process alive
[2026-04-16T06:00:01Z] latest_train_report
{"step": 19, "train_loss": 0.006643986780901207, "lr": 0.0001853061224489796, "trained_tokens": 2104434, "elapsed_seconds": 304.8601, "peak_memory_gb": 221.9409}
[2026-04-16T06:05:01Z] process alive
[2026-04-16T06:05:01Z] latest_train_report
{"step": 20, "train_loss": 0.006848559801998852, "lr": 0.00018448979591836735, "trained_tokens": 2203077, "elapsed_seconds": 304.6328, "peak_memory_gb": 221.9409}
[2026-04-16T06:10:01Z] process alive
[2026-04-16T06:10:01Z] latest_train_report
{"step": 21, "train_loss": 0.005911367254274561, "lr": 0.00018367346938775512, "trained_tokens": 2285947, "elapsed_seconds": 304.7308, "peak_memory_gb": 221.9409}
[2026-04-16T06:15:01Z] process alive
[2026-04-16T06:15:01Z] latest_train_report
{"step": 22, "train_loss": 0.00606772204812521, "lr": 0.00018285714285714286, "trained_tokens": 2405236, "elapsed_seconds": 304.8474, "peak_memory_gb": 221.9409}
[2026-04-16T06:20:01Z] process alive
[2026-04-16T06:20:01Z] latest_train_report
{"step": 23, "train_loss": 0.004698804753875838, "lr": 0.00018204081632653064, "trained_tokens": 2513322, "elapsed_seconds": 304.7069, "peak_memory_gb": 221.9409}
[2026-04-16T06:25:01Z] process alive
[2026-04-16T06:25:01Z] latest_train_report
{"step": 24, "train_loss": 0.005173092140065422, "lr": 0.00018122448979591838, "trained_tokens": 2606726, "elapsed_seconds": 304.729, "peak_memory_gb": 221.9409}
[2026-04-16T06:30:01Z] process alive
[2026-04-16T06:30:01Z] latest_train_report
{"step": 25, "train_loss": 0.004336149536266477, "lr": 0.00018040816326530615, "trained_tokens": 2713964, "elapsed_seconds": 304.8864, "peak_memory_gb": 221.9409}
[2026-04-16T06:35:01Z] process alive
[2026-04-16T06:35:01Z] latest_train_report
{"step": 26, "train_loss": 0.002949561201867092, "lr": 0.0001795918367346939, "trained_tokens": 2824722, "elapsed_seconds": 305.3549, "peak_memory_gb": 221.9409}
[2026-04-16T06:40:01Z] process alive
[2026-04-16T06:40:01Z] latest_train_report
{"step": 27, "train_loss": 0.004263069305825183, "lr": 0.00017877551020408164, "trained_tokens": 2930485, "elapsed_seconds": 305.3048, "peak_memory_gb": 221.9409}
[2026-04-16T06:45:02Z] process alive
[2026-04-16T06:45:02Z] latest_train_report
{"step": 28, "train_loss": 0.00321180630144808, "lr": 0.0001779591836734694, "trained_tokens": 3049032, "elapsed_seconds": 304.5018, "peak_memory_gb": 221.9409}
[2026-04-16T06:50:02Z] process alive
[2026-04-16T06:50:02Z] latest_train_report
{"step": 29, "train_loss": 0.0023973077191630334, "lr": 0.00017714285714285713, "trained_tokens": 3150135, "elapsed_seconds": 304.8791, "peak_memory_gb": 221.9409}
[2026-04-16T06:55:02Z] process alive
[2026-04-16T06:55:02Z] latest_train_report
{"step": 30, "train_loss": 0.0017355014760059182, "lr": 0.0001763265306122449, "trained_tokens": 3261198, "elapsed_seconds": 305.0456, "peak_memory_gb": 221.9409}
[2026-04-16T07:00:02Z] process alive
[2026-04-16T07:00:02Z] latest_train_report
{"step": 31, "train_loss": 0.0016171105409984944, "lr": 0.00017551020408163265, "trained_tokens": 3365087, "elapsed_seconds": 304.7275, "peak_memory_gb": 221.9409}
[2026-04-16T07:05:02Z] process alive
[2026-04-16T07:05:02Z] latest_train_report
{"step": 32, "train_loss": 0.002505089915434086, "lr": 0.00017469387755102042, "trained_tokens": 3471670, "elapsed_seconds": 304.777, "peak_memory_gb": 221.9409}
[2026-04-16T07:10:02Z] process alive
[2026-04-16T07:10:02Z] latest_train_report
{"step": 33, "train_loss": 0.0018626289981240071, "lr": 0.00017387755102040816, "trained_tokens": 3605956, "elapsed_seconds": 304.8419, "peak_memory_gb": 221.9409}
[2026-04-16T07:15:02Z] process alive
[2026-04-16T07:15:02Z] latest_train_report
{"step": 34, "train_loss": 0.001696358508672504, "lr": 0.0001730612244897959, "trained_tokens": 3718108, "elapsed_seconds": 304.751, "peak_memory_gb": 221.9409}
[2026-04-16T07:20:02Z] process alive
[2026-04-16T07:20:02Z] latest_train_report
{"step": 35, "train_loss": 0.0020778753083421976, "lr": 0.00017224489795918368, "trained_tokens": 3821549, "elapsed_seconds": 304.9952, "peak_memory_gb": 221.9409}
[2026-04-16T07:25:02Z] process alive
[2026-04-16T07:25:02Z] latest_train_report
{"step": 36, "train_loss": 0.002728371632869988, "lr": 0.00017142857142857145, "trained_tokens": 3937369, "elapsed_seconds": 305.6245, "peak_memory_gb": 221.9409}
[2026-04-16T07:30:02Z] process alive
[2026-04-16T07:30:02Z] latest_train_report
{"step": 37, "train_loss": 0.0022576154011858403, "lr": 0.0001706122448979592, "trained_tokens": 4035952, "elapsed_seconds": 305.3159, "peak_memory_gb": 221.9409}
[2026-04-16T07:35:02Z] process alive
[2026-04-16T07:35:02Z] latest_train_report
{"step": 38, "train_loss": 0.0014792966833077719, "lr": 0.00016979591836734694, "trained_tokens": 4145379, "elapsed_seconds": 305.0128, "peak_memory_gb": 221.9409}
[2026-04-16T07:40:03Z] process alive
[2026-04-16T07:40:03Z] latest_train_report
{"step": 39, "train_loss": 0.001463832116504556, "lr": 0.0001689795918367347, "trained_tokens": 4264117, "elapsed_seconds": 305.1894, "peak_memory_gb": 221.9409}
[2026-04-16T07:45:03Z] process alive
[2026-04-16T07:45:03Z] latest_train_report
{"step": 40, "train_loss": 0.0010202502608277135, "lr": 0.00016816326530612246, "trained_tokens": 4377202, "elapsed_seconds": 305.3165, "peak_memory_gb": 221.9409}
[2026-04-16T07:50:03Z] process alive
[2026-04-16T07:50:03Z] latest_train_report
{"step": 41, "train_loss": 0.0016994252114849986, "lr": 0.00016734693877551023, "trained_tokens": 4505591, "elapsed_seconds": 305.5745, "peak_memory_gb": 221.9409}
[2026-04-16T07:55:03Z] process alive
[2026-04-16T07:55:03Z] latest_train_report
{"step": 42, "train_loss": 0.0016276956368775854, "lr": 0.00016653061224489797, "trained_tokens": 4626621, "elapsed_seconds": 305.9493, "peak_memory_gb": 221.9409}
[2026-04-16T08:00:03Z] process alive
[2026-04-16T08:00:03Z] latest_train_report
{"step": 43, "train_loss": 0.0012051448402252648, "lr": 0.00016571428571428572, "trained_tokens": 4742271, "elapsed_seconds": 305.4763, "peak_memory_gb": 221.9409}
[2026-04-16T08:05:03Z] process alive
[2026-04-16T08:05:03Z] latest_train_report
{"step": 44, "train_loss": 0.0019290338602015581, "lr": 0.0001648979591836735, "trained_tokens": 4867852, "elapsed_seconds": 305.4521, "peak_memory_gb": 221.9409}
[2026-04-16T08:10:03Z] process alive
[2026-04-16T08:10:03Z] latest_train_report
{"step": 45, "train_loss": 0.001416485368208307, "lr": 0.00016408163265306124, "trained_tokens": 4980940, "elapsed_seconds": 305.1658, "peak_memory_gb": 221.9409}
[2026-04-16T08:15:03Z] process alive
[2026-04-16T08:15:03Z] latest_train_report
{"step": 46, "train_loss": 0.002612086819019139, "lr": 0.00016326530612244898, "trained_tokens": 5090431, "elapsed_seconds": 305.2343, "peak_memory_gb": 221.9409}
[2026-04-16T08:20:03Z] process alive
[2026-04-16T08:20:03Z] latest_train_report
{"step": 47, "train_loss": 0.002600238769193543, "lr": 0.00016244897959183672, "trained_tokens": 5181925, "elapsed_seconds": 305.7258, "peak_memory_gb": 221.9409}
[2026-04-16T08:25:04Z] process alive
[2026-04-16T08:25:04Z] latest_train_report
{"step": 48, "train_loss": 0.0014278067817609182, "lr": 0.0001616326530612245, "trained_tokens": 5293788, "elapsed_seconds": 306.1781, "peak_memory_gb": 221.9409}
[2026-04-16T08:30:04Z] process alive
[2026-04-16T08:30:04Z] latest_train_report
{"step": 49, "train_loss": 0.0022962770605997563, "lr": 0.00016081632653061224, "trained_tokens": 5377701, "elapsed_seconds": 305.6922, "peak_memory_gb": 221.9409}
[2026-04-16T08:35:04Z] process alive
[2026-04-16T08:35:04Z] latest_train_report
{"step": 50, "train_loss": 0.003612740336377012, "lr": 0.00016, "trained_tokens": 5485116, "elapsed_seconds": 305.4358, "peak_memory_gb": 221.9409}
[2026-04-16T08:40:04Z] process alive
[2026-04-16T08:40:04Z] latest_train_report
{"step": 51, "train_loss": 0.0013856631121956582, "lr": 0.00015918367346938776, "trained_tokens": 5595555, "elapsed_seconds": 305.219, "peak_memory_gb": 221.9409}
[2026-04-16T08:45:04Z] process alive
[2026-04-16T08:45:04Z] latest_train_report
{"step": 52, "train_loss": 0.002220279443513931, "lr": 0.0001583673469387755, "trained_tokens": 5718231, "elapsed_seconds": 307.8911, "peak_memory_gb": 221.9409}
[2026-04-16T08:50:04Z] process alive
[2026-04-16T08:50:04Z] latest_train_report
{"step": 53, "train_loss": 0.0014631167452958179, "lr": 0.00015755102040816327, "trained_tokens": 5818317, "elapsed_seconds": 305.5581, "peak_memory_gb": 221.9409}
[2026-04-16T08:55:04Z] process alive
[2026-04-16T08:55:04Z] latest_train_report
{"step": 54, "train_loss": 0.001710573058674853, "lr": 0.00015673469387755102, "trained_tokens": 5930962, "elapsed_seconds": 305.8759, "peak_memory_gb": 221.9409}
[2026-04-16T09:00:04Z] process alive
[2026-04-16T09:00:04Z] latest_train_report
{"step": 55, "train_loss": 0.0012372695262527135, "lr": 0.0001559183673469388, "trained_tokens": 6048004, "elapsed_seconds": 305.7673, "peak_memory_gb": 221.9409}
[2026-04-16T09:05:05Z] process alive
[2026-04-16T09:05:05Z] latest_train_report
{"step": 56, "train_loss": 0.0025910689419227444, "lr": 0.00015510204081632654, "trained_tokens": 6130318, "elapsed_seconds": 305.5488, "peak_memory_gb": 221.9409}
[2026-04-16T09:10:05Z] process alive
[2026-04-16T09:10:05Z] latest_train_report
{"step": 57, "train_loss": 0.0020153228926630307, "lr": 0.0001542857142857143, "trained_tokens": 6250367, "elapsed_seconds": 305.2856, "peak_memory_gb": 221.9409}
[2026-04-16T09:15:05Z] process alive
[2026-04-16T09:15:05Z] latest_train_report
{"step": 58, "train_loss": 0.0013345783827017723, "lr": 0.00015346938775510205, "trained_tokens": 6346816, "elapsed_seconds": 305.3319, "peak_memory_gb": 221.9409}
[2026-04-16T09:20:05Z] process alive
[2026-04-16T09:20:05Z] latest_train_report
{"step": 59, "train_loss": 0.0009437139885076577, "lr": 0.00015265306122448982, "trained_tokens": 6465198, "elapsed_seconds": 305.1467, "peak_memory_gb": 221.9409}
[2026-04-16T09:25:05Z] process alive
[2026-04-16T09:25:05Z] latest_train_report
{"step": 60, "train_loss": 0.0012602556133464427, "lr": 0.00015183673469387757, "trained_tokens": 6567459, "elapsed_seconds": 305.2549, "peak_memory_gb": 221.9409}
[2026-04-16T09:30:06Z] process alive
[2026-04-16T09:30:06Z] latest_train_report
{"step": 61, "train_loss": 0.0013429232122655252, "lr": 0.0001510204081632653, "trained_tokens": 6671779, "elapsed_seconds": 305.13, "peak_memory_gb": 221.9409}
[2026-04-16T09:35:06Z] process alive
[2026-04-16T09:35:06Z] latest_train_report
{"step": 61, "train_loss": 0.0013429232122655252, "lr": 0.0001510204081632653, "trained_tokens": 6671779, "elapsed_seconds": 305.13, "peak_memory_gb": 221.9409}
[2026-04-16T09:40:06Z] process alive
[2026-04-16T09:40:06Z] latest_train_report
{"step": 62, "train_loss": 0.0011075097354969088, "lr": 0.00015020408163265306, "trained_tokens": 6770198, "elapsed_seconds": 305.2839, "peak_memory_gb": 221.9409}
[2026-04-16T09:45:06Z] process alive
[2026-04-16T09:45:06Z] latest_train_report
{"step": 63, "train_loss": 0.0016048466528618306, "lr": 0.00014938775510204083, "trained_tokens": 6882884, "elapsed_seconds": 305.4996, "peak_memory_gb": 221.9409}
[2026-04-16T09:50:06Z] process alive
[2026-04-16T09:50:06Z] latest_train_report
{"step": 64, "train_loss": 0.0012180586039128197, "lr": 0.00014857142857142857, "trained_tokens": 6997821, "elapsed_seconds": 305.4038, "peak_memory_gb": 221.9409}
[2026-04-16T09:55:06Z] process alive
[2026-04-16T09:55:06Z] latest_train_report
{"step": 65, "train_loss": 0.0010106696774632856, "lr": 0.00014775510204081632, "trained_tokens": 7104619, "elapsed_seconds": 305.7067, "peak_memory_gb": 221.9409}
[2026-04-16T10:00:06Z] process alive
[2026-04-16T10:00:06Z] latest_train_report
{"step": 66, "train_loss": 0.0006773439749898814, "lr": 0.00014693877551020406, "trained_tokens": 7202935, "elapsed_seconds": 305.4105, "peak_memory_gb": 221.9409}
[2026-04-16T10:05:06Z] process alive
[2026-04-16T10:05:06Z] latest_train_report
{"step": 67, "train_loss": 0.0013920365743712022, "lr": 0.00014612244897959183, "trained_tokens": 7298905, "elapsed_seconds": 305.3876, "peak_memory_gb": 221.9409}
[2026-04-16T10:10:06Z] process alive
[2026-04-16T10:10:06Z] latest_train_report
{"step": 68, "train_loss": 0.0008623076900925273, "lr": 0.0001453061224489796, "trained_tokens": 7419421, "elapsed_seconds": 305.0915, "peak_memory_gb": 221.9409}
[2026-04-16T10:15:07Z] process alive
[2026-04-16T10:15:07Z] latest_train_report
{"step": 69, "train_loss": 0.0009306567545554514, "lr": 0.00014448979591836735, "trained_tokens": 7523447, "elapsed_seconds": 305.2893, "peak_memory_gb": 221.9409}
[2026-04-16T10:20:07Z] process alive
[2026-04-16T10:20:07Z] latest_train_report
{"step": 70, "train_loss": 0.0010460068470344703, "lr": 0.0001436734693877551, "trained_tokens": 7609369, "elapsed_seconds": 305.8699, "peak_memory_gb": 221.9409}
[2026-04-16T10:25:07Z] process alive
[2026-04-16T10:25:07Z] latest_train_report
{"step": 71, "train_loss": 0.001241188338916618, "lr": 0.00014285714285714287, "trained_tokens": 7718954, "elapsed_seconds": 305.3223, "peak_memory_gb": 221.9409}
[2026-04-16T10:30:07Z] process alive
[2026-04-16T10:30:07Z] latest_train_report
{"step": 72, "train_loss": 0.000779998326876109, "lr": 0.00014204081632653064, "trained_tokens": 7833177, "elapsed_seconds": 305.2605, "peak_memory_gb": 221.9409}
[2026-04-16T10:35:07Z] process alive
[2026-04-16T10:35:07Z] latest_train_report
{"step": 73, "train_loss": 0.0009930875596545897, "lr": 0.00014122448979591838, "trained_tokens": 7936831, "elapsed_seconds": 305.1441, "peak_memory_gb": 221.9409}
[2026-04-16T10:40:07Z] process alive
[2026-04-16T10:40:07Z] latest_train_report
{"step": 74, "train_loss": 0.0015533340483438367, "lr": 0.00014040816326530613, "trained_tokens": 8042521, "elapsed_seconds": 305.3605, "peak_memory_gb": 221.9409}
[2026-04-16T10:45:07Z] process alive
[2026-04-16T10:45:07Z] latest_train_report
{"step": 75, "train_loss": 0.0010295630393849153, "lr": 0.00013959183673469387, "trained_tokens": 8132198, "elapsed_seconds": 305.6338, "peak_memory_gb": 221.9409}
[2026-04-16T10:50:07Z] process alive
[2026-04-16T10:50:07Z] latest_train_report
{"step": 76, "train_loss": 0.0010528321533184706, "lr": 0.00013877551020408165, "trained_tokens": 8235847, "elapsed_seconds": 305.5648, "peak_memory_gb": 221.9409}
[2026-04-16T10:55:07Z] process alive
[2026-04-16T10:55:07Z] latest_train_report
{"step": 77, "train_loss": 0.001418308102106525, "lr": 0.00013795918367346942, "trained_tokens": 8339745, "elapsed_seconds": 305.1316, "peak_memory_gb": 221.9409}
[2026-04-16T11:00:08Z] process alive
[2026-04-16T11:00:08Z] latest_train_report
{"step": 78, "train_loss": 0.0010557990170389755, "lr": 0.00013714285714285716, "trained_tokens": 8460884, "elapsed_seconds": 305.6324, "peak_memory_gb": 221.9409}
[2026-04-16T11:05:08Z] process alive
[2026-04-16T11:05:08Z] latest_train_report
{"step": 79, "train_loss": 0.0011403729363018422, "lr": 0.0001363265306122449, "trained_tokens": 8580705, "elapsed_seconds": 305.2619, "peak_memory_gb": 221.9409}
[2026-04-16T11:10:08Z] process alive
[2026-04-16T11:10:08Z] latest_train_report
{"step": 80, "train_loss": 0.0007953446394173183, "lr": 0.00013551020408163265, "trained_tokens": 8704256, "elapsed_seconds": 305.6647, "peak_memory_gb": 221.9409}
[2026-04-16T11:15:08Z] process alive
[2026-04-16T11:15:08Z] latest_train_report
{"step": 81, "train_loss": 0.0014334131182728255, "lr": 0.00013469387755102042, "trained_tokens": 8801786, "elapsed_seconds": 305.2574, "peak_memory_gb": 221.9409}
[2026-04-16T11:20:08Z] process alive
[2026-04-16T11:20:08Z] latest_train_report
{"step": 82, "train_loss": 0.0008743457472648113, "lr": 0.00013387755102040817, "trained_tokens": 8918190, "elapsed_seconds": 305.723, "peak_memory_gb": 221.9409}
[2026-04-16T11:25:08Z] process alive
[2026-04-16T11:25:08Z] latest_train_report
{"step": 83, "train_loss": 0.001089027077414919, "lr": 0.0001330612244897959, "trained_tokens": 9045296, "elapsed_seconds": 305.5033, "peak_memory_gb": 221.9409}
[2026-04-16T11:30:08Z] process alive
[2026-04-16T11:30:08Z] latest_train_report
{"step": 84, "train_loss": 0.0010190891561410948, "lr": 0.00013224489795918366, "trained_tokens": 9151089, "elapsed_seconds": 305.3041, "peak_memory_gb": 221.9409}
[2026-04-16T11:35:08Z] process alive
[2026-04-16T11:35:08Z] latest_train_report
{"step": 85, "train_loss": 0.0015287661235336798, "lr": 0.00013142857142857143, "trained_tokens": 9250002, "elapsed_seconds": 305.5606, "peak_memory_gb": 221.9409}
[2026-04-16T11:40:08Z] process alive
[2026-04-16T11:40:08Z] latest_train_report
{"step": 86, "train_loss": 0.00116179602682823, "lr": 0.0001306122448979592, "trained_tokens": 9347087, "elapsed_seconds": 305.378, "peak_memory_gb": 221.9409}
[2026-04-16T11:45:09Z] process alive
[2026-04-16T11:45:09Z] latest_train_report
{"step": 87, "train_loss": 0.001688778290873723, "lr": 0.00012979591836734695, "trained_tokens": 9456289, "elapsed_seconds": 305.3716, "peak_memory_gb": 221.9409}
[2026-04-16T11:50:09Z] process alive
[2026-04-16T11:50:09Z] latest_train_report
{"step": 88, "train_loss": 0.001536268187162589, "lr": 0.0001289795918367347, "trained_tokens": 9538742, "elapsed_seconds": 305.3182, "peak_memory_gb": 221.9409}
[2026-04-16T11:55:09Z] process alive
[2026-04-16T11:55:09Z] latest_train_report
{"step": 89, "train_loss": 0.000740202756569935, "lr": 0.00012816326530612246, "trained_tokens": 9664391, "elapsed_seconds": 305.5488, "peak_memory_gb": 222.0017}
[2026-04-16T12:00:09Z] process alive
[2026-04-16T12:00:09Z] latest_train_report
{"step": 90, "train_loss": 0.0010913709205746182, "lr": 0.0001273469387755102, "trained_tokens": 9785236, "elapsed_seconds": 305.6275, "peak_memory_gb": 222.0017}
[2026-04-16T12:05:09Z] process alive
[2026-04-16T12:05:09Z] latest_train_report
{"step": 91, "train_loss": 0.0012069093344629447, "lr": 0.00012653061224489798, "trained_tokens": 9896600, "elapsed_seconds": 305.3909, "peak_memory_gb": 222.0017}
[2026-04-16T12:10:09Z] process alive
[2026-04-16T12:10:09Z] latest_train_report
{"step": 92, "train_loss": 0.0008150277660359658, "lr": 0.00012571428571428572, "trained_tokens": 10011066, "elapsed_seconds": 305.5958, "peak_memory_gb": 222.0017}
[2026-04-16T12:15:09Z] process alive
[2026-04-16T12:15:09Z] latest_train_report
{"step": 93, "train_loss": 0.0008493107424312859, "lr": 0.00012489795918367347, "trained_tokens": 10121629, "elapsed_seconds": 305.4704, "peak_memory_gb": 222.0017}
[2026-04-16T12:20:09Z] process alive
[2026-04-16T12:20:09Z] latest_train_report
{"step": 94, "train_loss": 0.0009305197872627687, "lr": 0.00012408163265306124, "trained_tokens": 10236089, "elapsed_seconds": 305.5222, "peak_memory_gb": 222.0017}
[2026-04-16T12:25:09Z] process alive
[2026-04-16T12:25:09Z] latest_train_report
{"step": 95, "train_loss": 0.0004493024580375307, "lr": 0.000123265306122449, "trained_tokens": 10332220, "elapsed_seconds": 305.1789, "peak_memory_gb": 222.0017}
[2026-04-16T12:30:09Z] process alive
[2026-04-16T12:30:09Z] latest_train_report
{"step": 96, "train_loss": 0.0012050739039894977, "lr": 0.00012244897959183676, "trained_tokens": 10438824, "elapsed_seconds": 305.3695, "peak_memory_gb": 222.0017}
[2026-04-16T12:35:10Z] process alive
[2026-04-16T12:35:10Z] latest_train_report
{"step": 97, "train_loss": 0.000635787053436974, "lr": 0.00012163265306122449, "trained_tokens": 10563219, "elapsed_seconds": 305.6525, "peak_memory_gb": 222.0017}
[2026-04-16T12:40:10Z] process alive
[2026-04-16T12:40:10Z] latest_train_report
{"step": 98, "train_loss": 0.0008689253929239213, "lr": 0.00012081632653061226, "trained_tokens": 10665981, "elapsed_seconds": 305.5655, "peak_memory_gb": 222.0017}
[2026-04-16T12:45:10Z] process alive
[2026-04-16T12:45:10Z] latest_train_report
{"step": 99, "train_loss": 0.0006520020350123451, "lr": 0.00012, "trained_tokens": 10761447, "elapsed_seconds": 305.1857, "peak_memory_gb": 222.0017}
[2026-04-16T12:50:10Z] process alive
[2026-04-16T12:50:10Z] latest_train_report
{"step": 100, "train_loss": 0.0015068583668101604, "lr": 0.00011918367346938777, "trained_tokens": 10845455, "elapsed_seconds": 305.3252, "peak_memory_gb": 222.0017}
[2026-04-16T12:55:10Z] process alive
[2026-04-16T12:55:10Z] latest_train_report
{"step": 101, "train_loss": 0.0010198690777789227, "lr": 0.00011836734693877552, "trained_tokens": 10950887, "elapsed_seconds": 305.3039, "peak_memory_gb": 222.0017}
[2026-04-16T13:00:10Z] process alive
[2026-04-16T13:00:10Z] latest_train_report
{"step": 102, "train_loss": 0.0006213058800542113, "lr": 0.00011755102040816326, "trained_tokens": 11072405, "elapsed_seconds": 305.3211, "peak_memory_gb": 222.0017}
[2026-04-16T13:05:10Z] process alive
[2026-04-16T13:05:10Z] latest_train_report
{"step": 103, "train_loss": 0.00058899159963703, "lr": 0.00011673469387755102, "trained_tokens": 11189760, "elapsed_seconds": 305.2295, "peak_memory_gb": 222.0017}
[2026-04-16T13:10:10Z] process alive
[2026-04-16T13:10:10Z] latest_train_report
{"step": 104, "train_loss": 0.0006481210177653541, "lr": 0.0001159183673469388, "trained_tokens": 11321003, "elapsed_seconds": 305.2481, "peak_memory_gb": 222.0017}
[2026-04-16T13:15:10Z] process alive
[2026-04-16T13:15:10Z] latest_train_report
{"step": 105, "train_loss": 0.0009978233825896716, "lr": 0.00011510204081632654, "trained_tokens": 11437914, "elapsed_seconds": 305.4598, "peak_memory_gb": 222.0017}
[2026-04-16T13:20:11Z] process alive
[2026-04-16T13:20:11Z] latest_train_report
{"step": 106, "train_loss": 0.0011477833273776305, "lr": 0.00011428571428571428, "trained_tokens": 11549047, "elapsed_seconds": 305.3229, "peak_memory_gb": 222.0017}
[2026-04-16T13:25:11Z] process alive
[2026-04-16T13:25:11Z] latest_train_report
{"step": 107, "train_loss": 0.0006057435070653077, "lr": 0.00011346938775510203, "trained_tokens": 11645387, "elapsed_seconds": 305.2818, "peak_memory_gb": 222.0017}
[2026-04-16T13:30:11Z] process alive
[2026-04-16T13:30:11Z] latest_train_report
{"step": 108, "train_loss": 0.0004693466237363734, "lr": 0.0001126530612244898, "trained_tokens": 11749198, "elapsed_seconds": 305.32, "peak_memory_gb": 222.0017}
[2026-04-16T13:35:11Z] process alive
[2026-04-16T13:35:11Z] latest_train_report
{"step": 109, "train_loss": 0.0023055241734192735, "lr": 0.00011183673469387757, "trained_tokens": 11836954, "elapsed_seconds": 305.5248, "peak_memory_gb": 222.0017}
[2026-04-16T13:40:11Z] process alive
[2026-04-16T13:40:11Z] latest_train_report
{"step": 110, "train_loss": 0.0011967105591631855, "lr": 0.00011102040816326532, "trained_tokens": 11960552, "elapsed_seconds": 305.6001, "peak_memory_gb": 222.0017}
[2026-04-16T13:45:11Z] process alive
[2026-04-16T13:45:11Z] latest_train_report
{"step": 111, "train_loss": 0.0020276533672668926, "lr": 0.00011020408163265306, "trained_tokens": 12070810, "elapsed_seconds": 305.7368, "peak_memory_gb": 222.0017}
[2026-04-16T13:50:11Z] process alive
[2026-04-16T13:50:11Z] latest_train_report
{"step": 112, "train_loss": 0.0008614265092842147, "lr": 0.00010938775510204082, "trained_tokens": 12190116, "elapsed_seconds": 305.1696, "peak_memory_gb": 222.0017}
[2026-04-16T13:55:11Z] process alive
[2026-04-16T13:55:11Z] latest_train_report
{"step": 113, "train_loss": 0.0006510093546578905, "lr": 0.00010857142857142859, "trained_tokens": 12295986, "elapsed_seconds": 305.851, "peak_memory_gb": 222.0017}
[2026-04-16T14:00:11Z] process alive
[2026-04-16T14:00:11Z] latest_train_report
{"step": 114, "train_loss": 0.0011517167479013581, "lr": 0.00010775510204081634, "trained_tokens": 12407440, "elapsed_seconds": 305.2263, "peak_memory_gb": 222.0017}
[2026-04-16T14:05:11Z] process alive
[2026-04-16T14:05:11Z] latest_train_report
{"step": 115, "train_loss": 0.0012572063144571256, "lr": 0.00010693877551020408, "trained_tokens": 12499016, "elapsed_seconds": 305.697, "peak_memory_gb": 222.0017}
[2026-04-16T14:10:12Z] process alive
[2026-04-16T14:10:12Z] latest_train_report
{"step": 116, "train_loss": 0.0007760891337002125, "lr": 0.00010612244897959182, "trained_tokens": 12609498, "elapsed_seconds": 304.8404, "peak_memory_gb": 222.0017}
[2026-04-16T14:15:12Z] process alive
[2026-04-16T14:15:12Z] latest_train_report
{"step": 117, "train_loss": 0.0011311176772956899, "lr": 0.0001053061224489796, "trained_tokens": 12701024, "elapsed_seconds": 306.1145, "peak_memory_gb": 222.0017}
[2026-04-16T14:20:12Z] process alive
[2026-04-16T14:20:12Z] latest_train_report
{"step": 117, "train_loss": 0.0011311176772956899, "lr": 0.0001053061224489796, "trained_tokens": 12701024, "elapsed_seconds": 306.1145, "peak_memory_gb": 222.0017}
[2026-04-16T14:25:12Z] process alive
[2026-04-16T14:25:12Z] latest_train_report
{"step": 118, "train_loss": 0.0008451617686346821, "lr": 0.00010448979591836735, "trained_tokens": 12817060, "elapsed_seconds": 305.4953, "peak_memory_gb": 222.0017}
[2026-04-16T14:30:12Z] process alive
[2026-04-16T14:30:12Z] latest_train_report
{"step": 119, "train_loss": 0.0006655324845402724, "lr": 0.00010367346938775511, "trained_tokens": 12898747, "elapsed_seconds": 305.3564, "peak_memory_gb": 222.0017}
[2026-04-16T14:35:12Z] process alive
[2026-04-16T14:35:12Z] latest_train_report
{"step": 120, "train_loss": 0.001083334088758855, "lr": 0.00010285714285714286, "trained_tokens": 12999979, "elapsed_seconds": 305.6545, "peak_memory_gb": 222.0017}
[2026-04-16T14:40:12Z] process alive
[2026-04-16T14:40:12Z] latest_train_report
{"step": 121, "train_loss": 0.0007857867579832023, "lr": 0.00010204081632653062, "trained_tokens": 13117755, "elapsed_seconds": 305.4391, "peak_memory_gb": 222.0017}
[2026-04-16T14:45:12Z] process alive
[2026-04-16T14:45:12Z] latest_train_report
{"step": 122, "train_loss": 0.0005650307488879286, "lr": 0.00010122448979591839, "trained_tokens": 13227754, "elapsed_seconds": 305.2147, "peak_memory_gb": 222.0017}
[2026-04-16T14:50:12Z] process alive
[2026-04-16T14:50:12Z] latest_train_report
{"step": 123, "train_loss": 0.0008756224054019514, "lr": 0.00010040816326530613, "trained_tokens": 13321181, "elapsed_seconds": 305.5487, "peak_memory_gb": 222.0017}
[2026-04-16T14:55:13Z] process alive
[2026-04-16T14:55:13Z] latest_train_report
{"step": 124, "train_loss": 0.0007131533166022528, "lr": 9.959183673469388e-05, "trained_tokens": 13452827, "elapsed_seconds": 305.6151, "peak_memory_gb": 222.0017}
[2026-04-16T15:00:13Z] process alive
[2026-04-16T15:00:13Z] latest_train_report
{"step": 125, "train_loss": 0.0006091908886145584, "lr": 9.877551020408165e-05, "trained_tokens": 13551641, "elapsed_seconds": 305.559, "peak_memory_gb": 222.0017}
[2026-04-16T15:05:13Z] process alive
[2026-04-16T15:05:13Z] latest_train_report
{"step": 126, "train_loss": 0.0008131483500085866, "lr": 9.79591836734694e-05, "trained_tokens": 13658916, "elapsed_seconds": 305.0428, "peak_memory_gb": 222.0017}
[2026-04-16T15:10:13Z] process alive
[2026-04-16T15:10:13Z] latest_train_report
{"step": 127, "train_loss": 0.0009339059776933559, "lr": 9.714285714285715e-05, "trained_tokens": 13752051, "elapsed_seconds": 305.4968, "peak_memory_gb": 222.0017}
[2026-04-16T15:15:13Z] process alive
[2026-04-16T15:15:13Z] latest_train_report
{"step": 128, "train_loss": 0.0004946676322156491, "lr": 9.63265306122449e-05, "trained_tokens": 13869543, "elapsed_seconds": 305.4975, "peak_memory_gb": 222.0017}
[2026-04-16T15:20:13Z] process alive
[2026-04-16T15:20:13Z] latest_train_report
{"step": 129, "train_loss": 0.0014538556535821994, "lr": 9.551020408163265e-05, "trained_tokens": 13971331, "elapsed_seconds": 305.9054, "peak_memory_gb": 222.0017}
[2026-04-16T15:25:13Z] process alive
[2026-04-16T15:25:13Z] latest_train_report
{"step": 130, "train_loss": 0.0003255764806006844, "lr": 9.469387755102041e-05, "trained_tokens": 14104512, "elapsed_seconds": 305.417, "peak_memory_gb": 222.0017}
[2026-04-16T15:30:13Z] process alive
[2026-04-16T15:30:13Z] latest_train_report
{"step": 131, "train_loss": 0.0007587087038199889, "lr": 9.387755102040816e-05, "trained_tokens": 14229994, "elapsed_seconds": 305.5413, "peak_memory_gb": 222.0017}
[2026-04-16T15:35:13Z] process alive
[2026-04-16T15:35:13Z] latest_train_report
{"step": 132, "train_loss": 0.000720392755049809, "lr": 9.306122448979593e-05, "trained_tokens": 14319713, "elapsed_seconds": 305.6752, "peak_memory_gb": 222.0017}
[2026-04-16T15:40:13Z] process alive
[2026-04-16T15:40:13Z] latest_train_report
{"step": 133, "train_loss": 0.0010885629368270608, "lr": 9.224489795918367e-05, "trained_tokens": 14439188, "elapsed_seconds": 305.7327, "peak_memory_gb": 222.0017}
[2026-04-16T15:45:14Z] process alive
[2026-04-16T15:45:14Z] latest_train_report
{"step": 134, "train_loss": 0.000636770177294407, "lr": 9.142857142857145e-05, "trained_tokens": 14547811, "elapsed_seconds": 305.1634, "peak_memory_gb": 222.0017}
[2026-04-16T15:50:14Z] process alive
[2026-04-16T15:50:14Z] latest_train_report
{"step": 135, "train_loss": 0.0002887613943457031, "lr": 9.061224489795919e-05, "trained_tokens": 14660207, "elapsed_seconds": 305.352, "peak_memory_gb": 222.0017}
[2026-04-16T15:55:14Z] process alive
[2026-04-16T15:55:14Z] latest_train_report
{"step": 136, "train_loss": 0.0009882324807963265, "lr": 8.979591836734695e-05, "trained_tokens": 14769782, "elapsed_seconds": 305.3001, "peak_memory_gb": 222.0017}
[2026-04-16T16:00:14Z] process alive
[2026-04-16T16:00:14Z] latest_train_report
{"step": 137, "train_loss": 0.0005794951521701844, "lr": 8.89795918367347e-05, "trained_tokens": 14863669, "elapsed_seconds": 305.5035, "peak_memory_gb": 222.0017}
[2026-04-16T16:05:14Z] process alive
[2026-04-16T16:05:14Z] latest_train_report
{"step": 138, "train_loss": 0.0008923456828183532, "lr": 8.816326530612244e-05, "trained_tokens": 14962696, "elapsed_seconds": 305.9343, "peak_memory_gb": 222.0017}
[2026-04-16T16:10:14Z] process alive
[2026-04-16T16:10:14Z] latest_train_report
{"step": 139, "train_loss": 0.0007727413421985365, "lr": 8.734693877551021e-05, "trained_tokens": 15095797, "elapsed_seconds": 305.8839, "peak_memory_gb": 222.0017}
[2026-04-16T16:15:14Z] process alive
[2026-04-16T16:15:14Z] latest_train_report
{"step": 140, "train_loss": 0.0006144050910277489, "lr": 8.653061224489795e-05, "trained_tokens": 15235333, "elapsed_seconds": 305.4642, "peak_memory_gb": 222.0017}
[2026-04-16T16:20:14Z] process alive
[2026-04-16T16:20:14Z] latest_train_report
{"step": 141, "train_loss": 0.0007616692166262978, "lr": 8.571428571428573e-05, "trained_tokens": 15343195, "elapsed_seconds": 305.477, "peak_memory_gb": 222.0017}
[2026-04-16T16:25:14Z] process alive
[2026-04-16T16:25:14Z] latest_train_report
{"step": 142, "train_loss": 0.0012235347413655992, "lr": 8.489795918367347e-05, "trained_tokens": 15452587, "elapsed_seconds": 305.6708, "peak_memory_gb": 222.0017}
[2026-04-16T16:30:15Z] process alive
[2026-04-16T16:30:15Z] latest_train_report
{"step": 143, "train_loss": 0.0005327745163657965, "lr": 8.408163265306124e-05, "trained_tokens": 15553991, "elapsed_seconds": 305.8159, "peak_memory_gb": 222.0017}
[2026-04-16T16:35:15Z] process alive
[2026-04-16T16:35:15Z] latest_train_report
{"step": 144, "train_loss": 0.0008078196119545101, "lr": 8.326530612244899e-05, "trained_tokens": 15638507, "elapsed_seconds": 305.749, "peak_memory_gb": 222.0017}
[2026-04-16T16:40:15Z] process alive
[2026-04-16T16:40:15Z] latest_train_report
{"step": 145, "train_loss": 0.0010062440306894042, "lr": 8.244897959183673e-05, "trained_tokens": 15749938, "elapsed_seconds": 305.4603, "peak_memory_gb": 222.0017}
[2026-04-16T16:45:15Z] process alive
[2026-04-16T16:45:15Z] latest_train_report
{"step": 146, "train_loss": 0.0009602352467249328, "lr": 8.163265306122449e-05, "trained_tokens": 15831923, "elapsed_seconds": 305.477, "peak_memory_gb": 222.0017}
[2026-04-16T16:50:15Z] process alive
[2026-04-16T16:50:15Z] latest_train_report
{"step": 147, "train_loss": 0.0016871641286571475, "lr": 8.081632653061223e-05, "trained_tokens": 15944320, "elapsed_seconds": 305.3979, "peak_memory_gb": 222.0017}
[2026-04-16T16:55:15Z] process alive
[2026-04-16T16:55:15Z] latest_train_report
{"step": 148, "train_loss": 0.0014063271793388094, "lr": 8e-05, "trained_tokens": 16024326, "elapsed_seconds": 305.628, "peak_memory_gb": 222.0017}
[2026-04-16T17:00:15Z] process alive
[2026-04-16T17:00:15Z] latest_train_report
{"step": 149, "train_loss": 0.0015083923386276813, "lr": 7.918367346938775e-05, "trained_tokens": 16132985, "elapsed_seconds": 305.4672, "peak_memory_gb": 222.0017}
[2026-04-16T17:05:15Z] process alive
[2026-04-16T17:05:15Z] latest_train_report
{"step": 150, "train_loss": 0.0008160174949994511, "lr": 7.836734693877552e-05, "trained_tokens": 16239387, "elapsed_seconds": 305.1862, "peak_memory_gb": 222.0017}
[2026-04-16T17:10:15Z] process alive
[2026-04-16T17:10:15Z] latest_train_report
{"step": 151, "train_loss": 0.0005914289910742604, "lr": 7.755102040816327e-05, "trained_tokens": 16355818, "elapsed_seconds": 305.4914, "peak_memory_gb": 222.0017}
[2026-04-16T17:15:16Z] process alive
[2026-04-16T17:15:16Z] latest_train_report
{"step": 152, "train_loss": 0.000630818719806848, "lr": 7.673469387755104e-05, "trained_tokens": 16447335, "elapsed_seconds": 305.8558, "peak_memory_gb": 222.0017}
[2026-04-16T17:20:16Z] process alive
[2026-04-16T17:20:16Z] latest_train_report
{"step": 153, "train_loss": 0.00040692895577382286, "lr": 7.591836734693878e-05, "trained_tokens": 16561274, "elapsed_seconds": 305.6659, "peak_memory_gb": 222.0017}
[2026-04-16T17:25:16Z] process alive
[2026-04-16T17:25:16Z] latest_train_report
{"step": 154, "train_loss": 0.0005176605512657252, "lr": 7.510204081632653e-05, "trained_tokens": 16656307, "elapsed_seconds": 305.6039, "peak_memory_gb": 222.0017}
[2026-04-16T17:30:16Z] process alive
[2026-04-16T17:30:16Z] latest_train_report
{"step": 155, "train_loss": 0.0009628847067463532, "lr": 7.428571428571429e-05, "trained_tokens": 16771398, "elapsed_seconds": 305.4418, "peak_memory_gb": 222.0017}
[2026-04-16T17:35:16Z] process alive
[2026-04-16T17:35:16Z] latest_train_report
{"step": 156, "train_loss": 0.000503533346689753, "lr": 7.346938775510203e-05, "trained_tokens": 16879730, "elapsed_seconds": 305.615, "peak_memory_gb": 222.0017}
[2026-04-16T17:40:16Z] process alive
[2026-04-16T17:40:16Z] latest_train_report
{"step": 157, "train_loss": 0.000490122395653594, "lr": 7.26530612244898e-05, "trained_tokens": 17002740, "elapsed_seconds": 305.5153, "peak_memory_gb": 222.0017}
[2026-04-16T17:45:16Z] process alive
[2026-04-16T17:45:16Z] latest_train_report
{"step": 158, "train_loss": 0.0009554840489360775, "lr": 7.183673469387755e-05, "trained_tokens": 17100918, "elapsed_seconds": 305.1039, "peak_memory_gb": 222.0017}
[2026-04-16T17:50:16Z] process alive
[2026-04-16T17:50:16Z] latest_train_report
{"step": 159, "train_loss": 0.0007388916925973321, "lr": 7.102040816326532e-05, "trained_tokens": 17197271, "elapsed_seconds": 304.9972, "peak_memory_gb": 222.0017}
[2026-04-16T17:55:16Z] process alive
[2026-04-16T17:55:16Z] latest_train_report
{"step": 160, "train_loss": 0.0005083884614482659, "lr": 7.020408163265306e-05, "trained_tokens": 17288182, "elapsed_seconds": 305.8291, "peak_memory_gb": 222.0017}
[2026-04-16T18:00:16Z] process alive
[2026-04-16T18:00:16Z] latest_train_report
{"step": 161, "train_loss": 0.0004323779847000461, "lr": 6.938775510204084e-05, "trained_tokens": 17406801, "elapsed_seconds": 305.3679, "peak_memory_gb": 222.0017}
[2026-04-16T18:05:17Z] process alive
[2026-04-16T18:05:17Z] latest_train_report
{"step": 162, "train_loss": 0.0004670260106268115, "lr": 6.857142857142858e-05, "trained_tokens": 17491612, "elapsed_seconds": 305.2747, "peak_memory_gb": 222.0017}
[2026-04-16T18:10:17Z] process alive
[2026-04-16T18:10:17Z] latest_train_report
{"step": 163, "train_loss": 0.000779473499148152, "lr": 6.775510204081633e-05, "trained_tokens": 17598756, "elapsed_seconds": 305.5177, "peak_memory_gb": 222.0017}
[2026-04-16T18:15:17Z] process alive
[2026-04-16T18:15:17Z] latest_train_report
{"step": 164, "train_loss": 0.0008815375562698241, "lr": 6.693877551020408e-05, "trained_tokens": 17708885, "elapsed_seconds": 306.5278, "peak_memory_gb": 222.0017}
[2026-04-16T18:20:17Z] process alive
[2026-04-16T18:20:17Z] latest_train_report
{"step": 165, "train_loss": 0.00033478358159015923, "lr": 6.612244897959183e-05, "trained_tokens": 17823463, "elapsed_seconds": 306.1688, "peak_memory_gb": 222.0017}
[2026-04-16T18:25:17Z] process alive
[2026-04-16T18:25:17Z] latest_train_report
{"step": 166, "train_loss": 0.0006733832361199982, "lr": 6.53061224489796e-05, "trained_tokens": 17935423, "elapsed_seconds": 305.3581, "peak_memory_gb": 222.0017}
[2026-04-16T18:30:17Z] process alive
[2026-04-16T18:30:17Z] latest_train_report
{"step": 167, "train_loss": 0.0003433985643345333, "lr": 6.448979591836734e-05, "trained_tokens": 18049313, "elapsed_seconds": 305.0334, "peak_memory_gb": 222.0017}
[2026-04-16T18:35:17Z] process alive
[2026-04-16T18:35:17Z] latest_train_report
{"step": 168, "train_loss": 0.00061828554508677, "lr": 6.367346938775512e-05, "trained_tokens": 18162379, "elapsed_seconds": 306.039, "peak_memory_gb": 222.0017}
[2026-04-16T18:40:17Z] process alive
[2026-04-16T18:40:17Z] latest_train_report
{"step": 169, "train_loss": 0.00039921857474750616, "lr": 6.285714285714286e-05, "trained_tokens": 18254178, "elapsed_seconds": 305.1545, "peak_memory_gb": 222.0017}
[2026-04-16T18:45:17Z] process alive
[2026-04-16T18:45:17Z] latest_train_report
{"step": 170, "train_loss": 0.0003871543074236595, "lr": 6.20408163265306e-05, "trained_tokens": 18354574, "elapsed_seconds": 304.7912, "peak_memory_gb": 222.0017}
[2026-04-16T18:50:17Z] process alive
[2026-04-16T18:50:17Z] latest_train_report
{"step": 171, "train_loss": 0.00035909707492952266, "lr": 6.122448979591838e-05, "trained_tokens": 18457905, "elapsed_seconds": 304.9412, "peak_memory_gb": 222.0017}
[2026-04-16T18:55:18Z] process alive
[2026-04-16T18:55:18Z] latest_train_report
{"step": 172, "train_loss": 0.0005093395065008778, "lr": 6.0408163265306116e-05, "trained_tokens": 18566536, "elapsed_seconds": 304.9651, "peak_memory_gb": 222.0017}
[2026-04-16T19:00:18Z] process alive
[2026-04-16T19:00:18Z] latest_train_report
{"step": 173, "train_loss": 0.0004308607962594305, "lr": 5.959183673469389e-05, "trained_tokens": 18678700, "elapsed_seconds": 304.9842, "peak_memory_gb": 222.0017}
[2026-04-16T19:05:18Z] process alive
[2026-04-16T19:05:18Z] latest_train_report
{"step": 173, "train_loss": 0.0004308607962594305, "lr": 5.959183673469389e-05, "trained_tokens": 18678700, "elapsed_seconds": 304.9842, "peak_memory_gb": 222.0017}
[2026-04-16T19:10:18Z] process alive
[2026-04-16T19:10:18Z] latest_train_report
{"step": 174, "train_loss": 0.001067795489432388, "lr": 5.877551020408163e-05, "trained_tokens": 18786381, "elapsed_seconds": 305.263, "peak_memory_gb": 222.0017}
[2026-04-16T19:15:18Z] process alive
[2026-04-16T19:15:18Z] latest_train_report
{"step": 175, "train_loss": 0.00044284171425117743, "lr": 5.79591836734694e-05, "trained_tokens": 18907046, "elapsed_seconds": 305.2754, "peak_memory_gb": 222.0017}
[2026-04-16T19:20:18Z] process alive
[2026-04-16T19:20:18Z] latest_train_report
{"step": 176, "train_loss": 0.00032976873102655144, "lr": 5.714285714285714e-05, "trained_tokens": 19017505, "elapsed_seconds": 305.0905, "peak_memory_gb": 222.0017}
[2026-04-16T19:25:18Z] process alive
[2026-04-16T19:25:18Z] latest_train_report
{"step": 177, "train_loss": 0.0005513584182787793, "lr": 5.632653061224491e-05, "trained_tokens": 19116585, "elapsed_seconds": 305.4636, "peak_memory_gb": 222.0017}
[2026-04-16T19:30:18Z] process alive
[2026-04-16T19:30:18Z] latest_train_report
{"step": 178, "train_loss": 0.0007238691056526673, "lr": 5.551020408163266e-05, "trained_tokens": 19229134, "elapsed_seconds": 305.1697, "peak_memory_gb": 222.0017}
[2026-04-16T19:35:18Z] process alive
[2026-04-16T19:35:18Z] latest_train_report
{"step": 179, "train_loss": 0.00034781775520731866, "lr": 5.46938775510204e-05, "trained_tokens": 19355892, "elapsed_seconds": 305.3427, "peak_memory_gb": 222.0017}
[2026-04-16T19:40:18Z] process alive
[2026-04-16T19:40:18Z] latest_train_report
{"step": 180, "train_loss": 0.0006722357460532159, "lr": 5.387755102040817e-05, "trained_tokens": 19472286, "elapsed_seconds": 305.4646, "peak_memory_gb": 222.0017}
[2026-04-16T19:45:18Z] process alive
[2026-04-16T19:45:18Z] latest_train_report
{"step": 181, "train_loss": 0.00038867841872057226, "lr": 5.306122448979591e-05, "trained_tokens": 19587274, "elapsed_seconds": 305.0952, "peak_memory_gb": 222.0017}
[2026-04-16T19:50:18Z] process alive
[2026-04-16T19:50:18Z] latest_train_report
{"step": 182, "train_loss": 0.00027296596495685223, "lr": 5.224489795918368e-05, "trained_tokens": 19680427, "elapsed_seconds": 305.3679, "peak_memory_gb": 222.0017}
[2026-04-16T19:55:19Z] process alive
[2026-04-16T19:55:19Z] latest_train_report
{"step": 183, "train_loss": 0.00035415497715462303, "lr": 5.142857142857143e-05, "trained_tokens": 19787410, "elapsed_seconds": 305.2892, "peak_memory_gb": 222.0017}
[2026-04-16T20:00:19Z] process alive
[2026-04-16T20:00:19Z] latest_train_report
{"step": 184, "train_loss": 0.00029562947334425555, "lr": 5.0612244897959194e-05, "trained_tokens": 19890473, "elapsed_seconds": 305.1764, "peak_memory_gb": 222.0017}
[2026-04-16T20:05:19Z] process alive
[2026-04-16T20:05:19Z] latest_train_report
{"step": 185, "train_loss": 0.0003955596717852275, "lr": 4.979591836734694e-05, "trained_tokens": 20022629, "elapsed_seconds": 305.1182, "peak_memory_gb": 222.0017}
[2026-04-16T20:10:19Z] process alive
[2026-04-16T20:10:19Z] latest_train_report
{"step": 186, "train_loss": 0.00046654759067319264, "lr": 4.8979591836734704e-05, "trained_tokens": 20165224, "elapsed_seconds": 305.1459, "peak_memory_gb": 222.0017}
[2026-04-16T20:15:19Z] process alive
[2026-04-16T20:15:19Z] latest_train_report
{"step": 187, "train_loss": 0.0005594381737288996, "lr": 4.816326530612245e-05, "trained_tokens": 20289900, "elapsed_seconds": 305.1369, "peak_memory_gb": 222.0017}
[2026-04-16T20:20:19Z] process alive
[2026-04-16T20:20:19Z] latest_train_report
{"step": 188, "train_loss": 0.0005241013898397547, "lr": 4.73469387755102e-05, "trained_tokens": 20393402, "elapsed_seconds": 305.051, "peak_memory_gb": 222.0017}
[2026-04-16T20:25:19Z] process alive
[2026-04-16T20:25:19Z] latest_train_report
{"step": 189, "train_loss": 0.0004251166104682585, "lr": 4.6530612244897965e-05, "trained_tokens": 20504760, "elapsed_seconds": 304.8845, "peak_memory_gb": 222.0017}
[2026-04-16T20:30:19Z] process alive
[2026-04-16T20:30:19Z] latest_train_report
{"step": 190, "train_loss": 0.0004916077366357788, "lr": 4.571428571428571e-05, "trained_tokens": 20621853, "elapsed_seconds": 305.2881, "peak_memory_gb": 222.0017}
[2026-04-16T20:35:19Z] process alive
[2026-04-16T20:35:19Z] latest_train_report
{"step": 191, "train_loss": 0.0003429269985447907, "lr": 4.4897959183673474e-05, "trained_tokens": 20745843, "elapsed_seconds": 305.5913, "peak_memory_gb": 222.0017}
[2026-04-16T20:40:19Z] process alive
[2026-04-16T20:40:19Z] latest_train_report
{"step": 192, "train_loss": 0.0005378533540587616, "lr": 4.408163265306122e-05, "trained_tokens": 20867965, "elapsed_seconds": 305.2425, "peak_memory_gb": 222.0017}
[2026-04-16T20:45:19Z] process alive
[2026-04-16T20:45:19Z] latest_train_report
{"step": 193, "train_loss": 0.00030093388557291315, "lr": 4.326530612244899e-05, "trained_tokens": 20953096, "elapsed_seconds": 305.4951, "peak_memory_gb": 222.0017}
[2026-04-16T20:50:20Z] process alive
[2026-04-16T20:50:20Z] latest_train_report
{"step": 194, "train_loss": 0.000510387103367948, "lr": 4.2448979591836735e-05, "trained_tokens": 21070713, "elapsed_seconds": 305.0839, "peak_memory_gb": 222.0017}
[2026-04-16T20:55:20Z] process alive
[2026-04-16T20:55:20Z] latest_train_report
{"step": 195, "train_loss": 0.0003140468563996194, "lr": 4.16326530612245e-05, "trained_tokens": 21170447, "elapsed_seconds": 304.8935, "peak_memory_gb": 222.0017}
[2026-04-16T21:00:20Z] process alive
[2026-04-16T21:00:20Z] latest_train_report
{"step": 196, "train_loss": 0.0003140855020030376, "lr": 4.0816326530612245e-05, "trained_tokens": 21286145, "elapsed_seconds": 305.0072, "peak_memory_gb": 222.0017}
[2026-04-16T21:05:20Z] process alive
[2026-04-16T21:05:20Z] latest_train_report
{"step": 197, "train_loss": 0.0003815917849295338, "lr": 3.999999999999999e-05, "trained_tokens": 21400227, "elapsed_seconds": 304.9776, "peak_memory_gb": 222.0017}
[2026-04-16T21:10:20Z] process alive
[2026-04-16T21:10:20Z] latest_train_report
{"step": 198, "train_loss": 0.00032925761584835865, "lr": 3.918367346938776e-05, "trained_tokens": 21527443, "elapsed_seconds": 305.0121, "peak_memory_gb": 222.0017}
[2026-04-16T21:15:20Z] process alive
[2026-04-16T21:15:20Z] latest_train_report
{"step": 199, "train_loss": 0.0002766574394798104, "lr": 3.8367346938775506e-05, "trained_tokens": 21649385, "elapsed_seconds": 305.0095, "peak_memory_gb": 222.0017}
[2026-04-16T21:20:20Z] process alive
[2026-04-16T21:20:20Z] latest_train_report
{"step": 200, "train_loss": 0.0006479776053825209, "lr": 3.755102040816327e-05, "trained_tokens": 21746478, "elapsed_seconds": 304.9407, "peak_memory_gb": 222.0017}
[2026-04-16T21:25:20Z] process alive
[2026-04-16T21:25:20Z] latest_train_report
{"step": 201, "train_loss": 0.00013864012299403216, "lr": 3.6734693877551016e-05, "trained_tokens": 21852347, "elapsed_seconds": 304.9455, "peak_memory_gb": 222.0017}
[2026-04-16T21:30:20Z] process alive
[2026-04-16T21:30:20Z] latest_train_report
{"step": 202, "train_loss": 0.00023728728334951926, "lr": 3.591836734693879e-05, "trained_tokens": 21981057, "elapsed_seconds": 304.9765, "peak_memory_gb": 222.0017}
[2026-04-16T21:35:20Z] process alive
[2026-04-16T21:35:20Z] latest_train_report
{"step": 203, "train_loss": 0.00018875931282995445, "lr": 3.510204081632653e-05, "trained_tokens": 22089357, "elapsed_seconds": 305.2266, "peak_memory_gb": 222.0017}
[2026-04-16T21:40:20Z] process alive
[2026-04-16T21:40:20Z] latest_train_report
{"step": 204, "train_loss": 0.00025329959805447174, "lr": 3.428571428571428e-05, "trained_tokens": 22201932, "elapsed_seconds": 305.1859, "peak_memory_gb": 222.0017}
[2026-04-16T21:45:20Z] process alive
[2026-04-16T21:45:20Z] latest_train_report
{"step": 205, "train_loss": 9.445908767223292e-05, "lr": 3.346938775510204e-05, "trained_tokens": 22303405, "elapsed_seconds": 304.6036, "peak_memory_gb": 222.0017}
[2026-04-16T21:50:21Z] process alive
[2026-04-16T21:50:21Z] latest_train_report
{"step": 206, "train_loss": 0.0003791949658443923, "lr": 3.2653061224489787e-05, "trained_tokens": 22402881, "elapsed_seconds": 304.5656, "peak_memory_gb": 222.0017}
[2026-04-16T21:55:21Z] process alive
[2026-04-16T21:55:21Z] latest_train_report
{"step": 207, "train_loss": 0.0007915656394455633, "lr": 3.183673469387756e-05, "trained_tokens": 22502628, "elapsed_seconds": 304.832, "peak_memory_gb": 222.0017}
[2026-04-16T22:00:21Z] process alive
[2026-04-16T22:00:21Z] latest_train_report
{"step": 208, "train_loss": 0.00015686099118264652, "lr": 3.10204081632653e-05, "trained_tokens": 22612539, "elapsed_seconds": 304.7355, "peak_memory_gb": 222.0017}
[2026-04-16T22:05:21Z] process alive
[2026-04-16T22:05:21Z] latest_train_report
{"step": 209, "train_loss": 0.0002431864297850859, "lr": 3.0204081632653068e-05, "trained_tokens": 22719405, "elapsed_seconds": 305.2676, "peak_memory_gb": 222.0017}
[2026-04-16T22:10:21Z] process alive
[2026-04-16T22:10:21Z] latest_train_report
{"step": 210, "train_loss": 0.0006953223975830551, "lr": 2.9387755102040816e-05, "trained_tokens": 22824676, "elapsed_seconds": 305.2237, "peak_memory_gb": 222.0017}
[2026-04-16T22:15:21Z] process alive
[2026-04-16T22:15:21Z] latest_train_report
{"step": 211, "train_loss": 0.00013352869664607243, "lr": 2.857142857142858e-05, "trained_tokens": 22943271, "elapsed_seconds": 304.922, "peak_memory_gb": 222.0017}
[2026-04-16T22:20:21Z] process alive
[2026-04-16T22:20:21Z] latest_train_report
{"step": 212, "train_loss": 0.0002904705794094151, "lr": 2.775510204081633e-05, "trained_tokens": 23046648, "elapsed_seconds": 305.0191, "peak_memory_gb": 222.0017}
[2026-04-16T22:25:21Z] process alive
[2026-04-16T22:25:21Z] latest_train_report
{"step": 213, "train_loss": 0.0002559341913555165, "lr": 2.6938775510204074e-05, "trained_tokens": 23163653, "elapsed_seconds": 305.1105, "peak_memory_gb": 222.0017}
[2026-04-16T22:30:21Z] process alive
[2026-04-16T22:30:21Z] latest_train_report
{"step": 214, "train_loss": 0.0005924192199741866, "lr": 2.612244897959184e-05, "trained_tokens": 23250027, "elapsed_seconds": 304.9106, "peak_memory_gb": 222.0017}
[2026-04-16T22:35:21Z] process alive
[2026-04-16T22:35:21Z] latest_train_report
{"step": 215, "train_loss": 0.00030709716526661397, "lr": 2.5306122448979587e-05, "trained_tokens": 23364440, "elapsed_seconds": 305.3302, "peak_memory_gb": 222.0017}
[2026-04-16T22:40:21Z] process alive
[2026-04-16T22:40:21Z] latest_train_report
{"step": 216, "train_loss": 0.0005233424592561852, "lr": 2.4489795918367352e-05, "trained_tokens": 23442081, "elapsed_seconds": 305.5955, "peak_memory_gb": 222.0017}
[2026-04-16T22:45:22Z] process alive
[2026-04-16T22:45:22Z] latest_train_report
{"step": 217, "train_loss": 9.730245921586755e-05, "lr": 2.36734693877551e-05, "trained_tokens": 23535773, "elapsed_seconds": 304.9703, "peak_memory_gb": 222.0017}
[2026-04-16T22:50:22Z] process alive
[2026-04-16T22:50:22Z] latest_train_report
{"step": 218, "train_loss": 0.0001429590440228657, "lr": 2.2857142857142865e-05, "trained_tokens": 23642862, "elapsed_seconds": 304.8012, "peak_memory_gb": 222.0017}
[2026-04-16T22:55:22Z] process alive
[2026-04-16T22:55:22Z] latest_train_report
{"step": 219, "train_loss": 0.000287085130685054, "lr": 2.204081632653061e-05, "trained_tokens": 23756947, "elapsed_seconds": 304.9367, "peak_memory_gb": 222.0017}
[2026-04-16T23:00:22Z] process alive
[2026-04-16T23:00:22Z] latest_train_report
{"step": 220, "train_loss": 0.0003018901047927971, "lr": 2.1224489795918378e-05, "trained_tokens": 23859259, "elapsed_seconds": 304.9795, "peak_memory_gb": 222.0017}
[2026-04-16T23:05:22Z] process alive
[2026-04-16T23:05:22Z] latest_train_report
{"step": 221, "train_loss": 0.00020737683984334458, "lr": 2.0408163265306123e-05, "trained_tokens": 23981281, "elapsed_seconds": 305.0317, "peak_memory_gb": 222.0017}
[2026-04-16T23:10:22Z] process alive
[2026-04-16T23:10:22Z] latest_train_report
{"step": 222, "train_loss": 0.0005719812813410082, "lr": 1.959183673469387e-05, "trained_tokens": 24090270, "elapsed_seconds": 304.6636, "peak_memory_gb": 222.0017}
[2026-04-16T23:15:22Z] process alive
[2026-04-16T23:15:22Z] latest_train_report
{"step": 223, "train_loss": 0.00013609102679987335, "lr": 1.8775510204081636e-05, "trained_tokens": 24201683, "elapsed_seconds": 305.1418, "peak_memory_gb": 222.0017}
[2026-04-16T23:20:22Z] process alive
[2026-04-16T23:20:22Z] latest_train_report
{"step": 224, "train_loss": 0.00027324997224585835, "lr": 1.795918367346938e-05, "trained_tokens": 24313340, "elapsed_seconds": 305.0833, "peak_memory_gb": 222.0017}
[2026-04-16T23:25:22Z] process alive
[2026-04-16T23:25:22Z] latest_train_report
{"step": 225, "train_loss": 0.0003347816675038018, "lr": 1.714285714285715e-05, "trained_tokens": 24430795, "elapsed_seconds": 305.1514, "peak_memory_gb": 222.0017}
[2026-04-16T23:30:22Z] process alive
[2026-04-16T23:30:22Z] latest_train_report
{"step": 226, "train_loss": 0.0001086450177161721, "lr": 1.6326530612244893e-05, "trained_tokens": 24550417, "elapsed_seconds": 305.1084, "peak_memory_gb": 222.0017}
[2026-04-16T23:35:22Z] process alive
[2026-04-16T23:35:22Z] latest_train_report
{"step": 227, "train_loss": 0.00024954812065696596, "lr": 1.551020408163266e-05, "trained_tokens": 24672865, "elapsed_seconds": 304.877, "peak_memory_gb": 222.0017}
